[2022-08-30T13:40:04.539] [INFO] default - 测试
[2022-08-30T13:40:06.807] [INFO] default - 测试
[2022-08-30T13:40:11.201] [INFO] default - 测试
[2022-08-30T13:40:23.627] [ERROR] default - 测试
[2022-08-30T13:40:32.673] [ERROR] default - 测试 faf
[2022-08-30T13:40:38.667] [ERROR] default - 测试 faf fsafsa
[2022-08-30T13:40:45.607] [ERROR] default - 测试 faf fsafsa fsafsa fsafsa fsafsa
[2022-08-30T13:41:00.952] [ERROR] default - 测试 faf fsafsa fsafsa fsafsa fsafsa
[2022-08-30T13:41:04.205] [ERROR] default - 测试 faf fsafsa fsafsa fsafsa fsafsa
[2022-08-30T13:41:09.499] [ERROR] default - 测试 faf fsafsa fsafsa fsafsa fsafsa
[2022-08-30T13:41:12.463] [ERROR] default - 测试 faf fsafsa fsafsa fsafsa fsafsa
[2022-08-30T13:41:34.801] [ERROR] default - 测试 faf fsafsa fsafsa fsafsa fsafsa
[2022-08-30T13:43:55.331] [ERROR] default - 测试 faf fsafsa fsafsa fsafsa fsafsa
[2022-08-30T13:44:02.581] [ERROR] default - 测试 faf fsafsa fsafsa fsafsa fsafsa
[2022-08-30T13:44:09.508] [ERROR] default - 测试 faf fsafsa fsafsa fsafsa fsafsa
[2022-08-30T13:44:22.561] [ERROR] default - 测试 faf fsafsa fsafsa fsafsa fsafsa
[2022-08-30T13:44:22.562] [INFO] default - Cheese is Comté.
[2022-08-30T13:44:22.562] [WARN] default - Cheese is quite smelly.
[2022-08-30T13:44:22.562] [ERROR] default - Cheese is too ripe!
[2022-08-30T13:44:22.563] [FATAL] default - Cheese was breeding ground for listeria.
[2022-08-30T13:44:42.895] [ERROR] default - 测试 faf fsafsa fsafsa fsafsa fsafsa
[2022-08-30T13:44:42.897] [INFO] default - Cheese is Comté.
[2022-08-30T13:44:42.897] [WARN] default - Cheese is quite smelly.
[2022-08-30T13:44:42.897] [ERROR] default - Cheese is too ripe!
[2022-08-30T13:44:42.897] [FATAL] default - Cheese was breeding ground for listeria.
[2022-08-30T13:45:36.844] [ERROR] default - 测试 faf fsafsa fsafsa fsafsa fsafsa
[2022-08-30T13:45:36.845] [INFO] default - Cheese is Comté.
[2022-08-30T13:45:36.845] [WARN] default - Cheese is quite smelly.
[2022-08-30T13:45:36.845] [ERROR] default - Cheese is too ripe!
[2022-08-30T13:45:36.845] [FATAL] default - Cheese was breeding ground for listeria.
[2022-08-30T13:46:03.831] [ERROR] default - 测试 faf fsafsa fsafsa fsafsa fsafsa
[2022-08-30T13:46:03.833] [INFO] default - Cheese is Comté.
[2022-08-30T13:46:03.833] [WARN] default - Cheese is quite smelly.
[2022-08-30T13:46:03.833] [ERROR] default - Cheese is too ripe!
[2022-08-30T13:46:03.833] [FATAL] default - Cheese was breeding ground for listeria.
[2022-08-30T13:46:06.017] [ERROR] default - 测试 faf fsafsa fsafsa fsafsa fsafsa
[2022-08-30T13:46:06.018] [INFO] default - Cheese is Comté.
[2022-08-30T13:46:06.018] [WARN] default - Cheese is quite smelly.
[2022-08-30T13:46:06.018] [ERROR] default - Cheese is too ripe!
[2022-08-30T13:46:06.018] [FATAL] default - Cheese was breeding ground for listeria.
[2022-08-30T13:46:07.322] [ERROR] default - 测试 faf fsafsa fsafsa fsafsa fsafsa
[2022-08-30T13:46:07.323] [INFO] default - Cheese is Comté.
[2022-08-30T13:46:07.323] [WARN] default - Cheese is quite smelly.
[2022-08-30T13:46:07.323] [ERROR] default - Cheese is too ripe!
[2022-08-30T13:46:07.323] [FATAL] default - Cheese was breeding ground for listeria.
[2022-08-30T13:49:28.125] [ERROR] default - 测试 faf fsafsa fsafsa fsafsa fsafsa
[2022-08-30T13:49:28.127] [INFO] default - Cheese is Comté.
[2022-08-30T13:49:28.127] [WARN] default - Cheese is quite smelly.
[2022-08-30T13:49:28.127] [ERROR] default - Cheese is too ripe!
[2022-08-30T13:49:28.127] [FATAL] default - Cheese was breeding ground for listeria.
