[2022-12-09T13:33:59.874] [INFO] db - [
  'Executing (default): SELECT 1+1 AS result',
  {
    plain: true,
    raw: true,
    logging: [Function: logging],
    showWarnings: false,
    type: 'SELECT'
  }
]
[2022-12-09T13:33:59.876] [INFO] db - [
  "Executing (default): SELECT TABLE_NAME FROM INFORMATION_SCHEMA.TABLES WHERE TABLE_TYPE = 'BASE TABLE' AND TABLE_NAME = 'system_users' AND TABLE_SCHEMA = 'koa-mysql'",
  {
    plain: false,
    raw: true,
    logging: [Function: logging],
    showWarnings: false,
    timestamps: true,
    validate: {},
    freezeTableName: false,
    underscored: true,
    paranoid: true,
    rejectOnEmpty: false,
    whereCollection: null,
    schema: null,
    schemaDelimiter: '',
    defaultScope: {},
    scopes: { hiddenAttr: [Object] },
    indexes: [],
    whereMergeStrategy: 'overwrite',
    name: { plural: 'system_users', singular: 'system_user' },
    omitNull: false,
    charset: 'utf8',
    dialectOptions: { collate: 'utf8_general_ci' },
    createdAt: 'create_time',
    updatedAt: 'update_time',
    deletedAt: 'delete_time',
    sequelize: Sequelize {
      options: [Object],
      config: [Object],
      dialect: [MysqlDialect],
      queryInterface: [MySQLQueryInterface],
      models: [Object],
      modelManager: [ModelManager],
      connectionManager: [ConnectionManager]
    },
    hooks: true,
    type: 'SHOWTABLES'
  }
]
[2022-12-09T13:33:59.925] [INFO] db - [
  "Executing (default): SELECT TABLE_NAME FROM INFORMATION_SCHEMA.TABLES WHERE TABLE_TYPE = 'BASE TABLE' AND TABLE_NAME = 'system_roles' AND TABLE_SCHEMA = 'koa-mysql'",
  {
    plain: false,
    raw: true,
    logging: [Function: logging],
    showWarnings: false,
    timestamps: true,
    validate: {},
    freezeTableName: false,
    underscored: true,
    paranoid: true,
    rejectOnEmpty: false,
    whereCollection: null,
    schema: null,
    schemaDelimiter: '',
    defaultScope: {},
    scopes: { hiddenAttr: [Object] },
    indexes: [],
    whereMergeStrategy: 'overwrite',
    name: { plural: 'system_roles', singular: 'system_role' },
    omitNull: false,
    charset: 'utf8',
    dialectOptions: { collate: 'utf8_general_ci' },
    createdAt: 'create_time',
    updatedAt: 'update_time',
    deletedAt: 'delete_time',
    sequelize: Sequelize {
      options: [Object],
      config: [Object],
      dialect: [MysqlDialect],
      queryInterface: [MySQLQueryInterface],
      models: [Object],
      modelManager: [ModelManager],
      connectionManager: [ConnectionManager]
    },
    hooks: true,
    type: 'SHOWTABLES'
  }
]
[2022-12-09T13:33:59.927] [INFO] db - [
  "Executing (default): SELECT TABLE_NAME FROM INFORMATION_SCHEMA.TABLES WHERE TABLE_TYPE = 'BASE TABLE' AND TABLE_NAME = 'system_menus' AND TABLE_SCHEMA = 'koa-mysql'",
  {
    plain: false,
    raw: true,
    logging: [Function: logging],
    showWarnings: false,
    timestamps: true,
    validate: {},
    freezeTableName: false,
    underscored: true,
    paranoid: true,
    rejectOnEmpty: false,
    whereCollection: null,
    schema: null,
    schemaDelimiter: '',
    defaultScope: {},
    scopes: { hiddenAttr: [Object] },
    indexes: [],
    whereMergeStrategy: 'overwrite',
    name: { plural: 'system_menus', singular: 'system_menu' },
    omitNull: false,
    charset: 'utf8',
    dialectOptions: { collate: 'utf8_general_ci' },
    createdAt: 'create_time',
    updatedAt: 'update_time',
    deletedAt: 'delete_time',
    sequelize: Sequelize {
      options: [Object],
      config: [Object],
      dialect: [MysqlDialect],
      queryInterface: [MySQLQueryInterface],
      models: [Object],
      modelManager: [ModelManager],
      connectionManager: [ConnectionManager]
    },
    hooks: true,
    type: 'SHOWTABLES'
  }
]
[2022-12-09T13:33:59.928] [INFO] db - [
  "Executing (default): SELECT TABLE_NAME FROM INFORMATION_SCHEMA.TABLES WHERE TABLE_TYPE = 'BASE TABLE' AND TABLE_NAME = 'system_depts' AND TABLE_SCHEMA = 'koa-mysql'",
  {
    plain: false,
    raw: true,
    logging: [Function: logging],
    showWarnings: false,
    timestamps: true,
    validate: {},
    freezeTableName: false,
    underscored: true,
    paranoid: true,
    rejectOnEmpty: false,
    whereCollection: null,
    schema: null,
    schemaDelimiter: '',
    defaultScope: {},
    scopes: { hiddenAttr: [Object] },
    indexes: [],
    whereMergeStrategy: 'overwrite',
    name: { plural: 'system_depts', singular: 'system_dept' },
    omitNull: false,
    charset: 'utf8',
    dialectOptions: { collate: 'utf8_general_ci' },
    createdAt: 'create_time',
    updatedAt: 'update_time',
    deletedAt: 'delete_time',
    sequelize: Sequelize {
      options: [Object],
      config: [Object],
      dialect: [MysqlDialect],
      queryInterface: [MySQLQueryInterface],
      models: [Object],
      modelManager: [ModelManager],
      connectionManager: [ConnectionManager]
    },
    hooks: true,
    type: 'SHOWTABLES'
  }
]
[2022-12-09T13:33:59.929] [INFO] db - [
  "Executing (default): SELECT TABLE_NAME FROM INFORMATION_SCHEMA.TABLES WHERE TABLE_TYPE = 'BASE TABLE' AND TABLE_NAME = 'system_user_roles' AND TABLE_SCHEMA = 'koa-mysql'",
  {
    plain: false,
    raw: true,
    logging: [Function: logging],
    showWarnings: false,
    timestamps: true,
    validate: {},
    freezeTableName: false,
    underscored: true,
    paranoid: true,
    rejectOnEmpty: false,
    whereCollection: null,
    schema: null,
    schemaDelimiter: '',
    defaultScope: {},
    scopes: { hiddenAttr: [Object] },
    indexes: [],
    whereMergeStrategy: 'overwrite',
    name: { plural: 'system_user_roles', singular: 'system_user_role' },
    omitNull: false,
    charset: 'utf8',
    dialectOptions: { collate: 'utf8_general_ci' },
    createdAt: 'create_time',
    updatedAt: 'update_time',
    deletedAt: 'delete_time',
    comment: '用户角色表',
    sequelize: Sequelize {
      options: [Object],
      config: [Object],
      dialect: [MysqlDialect],
      queryInterface: [MySQLQueryInterface],
      models: [Object],
      modelManager: [ModelManager],
      connectionManager: [ConnectionManager]
    },
    hooks: true,
    type: 'SHOWTABLES'
  }
]
[2022-12-09T13:33:59.932] [INFO] db - [
  "Executing (default): SELECT TABLE_NAME FROM INFORMATION_SCHEMA.TABLES WHERE TABLE_TYPE = 'BASE TABLE' AND TABLE_NAME = 'system_role_menus' AND TABLE_SCHEMA = 'koa-mysql'",
  {
    plain: false,
    raw: true,
    logging: [Function: logging],
    showWarnings: false,
    timestamps: true,
    validate: {},
    freezeTableName: false,
    underscored: true,
    paranoid: true,
    rejectOnEmpty: false,
    whereCollection: null,
    schema: null,
    schemaDelimiter: '',
    defaultScope: {},
    scopes: { hiddenAttr: [Object] },
    indexes: [],
    whereMergeStrategy: 'overwrite',
    name: { plural: 'system_role_menus', singular: 'system_role_menu' },
    omitNull: false,
    charset: 'utf8',
    dialectOptions: { collate: 'utf8_general_ci' },
    createdAt: 'create_time',
    updatedAt: 'update_time',
    deletedAt: 'delete_time',
    comment: '角色菜单关联表',
    sequelize: Sequelize {
      options: [Object],
      config: [Object],
      dialect: [MysqlDialect],
      queryInterface: [MySQLQueryInterface],
      models: [Object],
      modelManager: [ModelManager],
      connectionManager: [ConnectionManager]
    },
    hooks: true,
    type: 'SHOWTABLES'
  }
]
[2022-12-09T13:33:59.933] [INFO] db - [
  "Executing (default): SELECT TABLE_NAME FROM INFORMATION_SCHEMA.TABLES WHERE TABLE_TYPE = 'BASE TABLE' AND TABLE_NAME = 'post' AND TABLE_SCHEMA = 'koa-mysql'",
  {
    plain: false,
    raw: true,
    logging: [Function: logging],
    showWarnings: false,
    timestamps: true,
    validate: {},
    freezeTableName: true,
    underscored: true,
    paranoid: true,
    rejectOnEmpty: false,
    whereCollection: null,
    schema: null,
    schemaDelimiter: '',
    defaultScope: {},
    scopes: { hiddenAttr: [Object] },
    indexes: [],
    whereMergeStrategy: 'overwrite',
    name: { plural: 'posts', singular: 'post' },
    omitNull: false,
    charset: 'utf8',
    dialectOptions: { collate: 'utf8_general_ci' },
    createdAt: 'create_time',
    updatedAt: 'update_time',
    deletedAt: 'delete_time',
    sequelize: Sequelize {
      options: [Object],
      config: [Object],
      dialect: [MysqlDialect],
      queryInterface: [MySQLQueryInterface],
      models: [Object],
      modelManager: [ModelManager],
      connectionManager: [ConnectionManager]
    },
    hooks: true,
    type: 'SHOWTABLES'
  }
]
[2022-12-09T13:33:59.934] [INFO] db - [
  "Executing (default): SELECT TABLE_NAME FROM INFORMATION_SCHEMA.TABLES WHERE TABLE_TYPE = 'BASE TABLE' AND TABLE_NAME = 'tag' AND TABLE_SCHEMA = 'koa-mysql'",
  {
    plain: false,
    raw: true,
    logging: [Function: logging],
    showWarnings: false,
    timestamps: true,
    validate: {},
    freezeTableName: true,
    underscored: true,
    paranoid: true,
    rejectOnEmpty: false,
    whereCollection: null,
    schema: null,
    schemaDelimiter: '',
    defaultScope: {},
    scopes: { hiddenAttr: [Object] },
    indexes: [],
    whereMergeStrategy: 'overwrite',
    name: { plural: 'tags', singular: 'tag' },
    omitNull: false,
    charset: 'utf8',
    dialectOptions: { collate: 'utf8_general_ci' },
    createdAt: 'create_time',
    updatedAt: 'update_time',
    deletedAt: 'delete_time',
    sequelize: Sequelize {
      options: [Object],
      config: [Object],
      dialect: [MysqlDialect],
      queryInterface: [MySQLQueryInterface],
      models: [Object],
      modelManager: [ModelManager],
      connectionManager: [ConnectionManager]
    },
    hooks: true,
    type: 'SHOWTABLES'
  }
]
[2022-12-09T13:33:59.935] [INFO] db - [
  "Executing (default): SELECT TABLE_NAME FROM INFORMATION_SCHEMA.TABLES WHERE TABLE_TYPE = 'BASE TABLE' AND TABLE_NAME = 'postTag' AND TABLE_SCHEMA = 'koa-mysql'",
  {
    plain: false,
    raw: true,
    logging: [Function: logging],
    showWarnings: false,
    timestamps: true,
    validate: {},
    freezeTableName: true,
    underscored: true,
    paranoid: true,
    rejectOnEmpty: false,
    whereCollection: null,
    schema: null,
    schemaDelimiter: '',
    defaultScope: {},
    scopes: { hiddenAttr: [Object] },
    indexes: [],
    whereMergeStrategy: 'overwrite',
    name: { plural: 'postTags', singular: 'postTag' },
    omitNull: false,
    charset: 'utf8',
    dialectOptions: { collate: 'utf8_general_ci' },
    createdAt: 'create_time',
    updatedAt: 'update_time',
    deletedAt: 'delete_time',
    sequelize: Sequelize {
      options: [Object],
      config: [Object],
      dialect: [MysqlDialect],
      queryInterface: [MySQLQueryInterface],
      models: [Object],
      modelManager: [ModelManager],
      connectionManager: [ConnectionManager]
    },
    hooks: true,
    type: 'SHOWTABLES'
  }
]
[2022-12-09T13:33:59.937] [INFO] db - [
  'Executing (default): SHOW INDEX FROM `system_users`',
  {
    plain: false,
    raw: true,
    logging: [Function: logging],
    showWarnings: false,
    timestamps: true,
    validate: {},
    freezeTableName: false,
    underscored: true,
    paranoid: true,
    rejectOnEmpty: false,
    whereCollection: null,
    schema: null,
    schemaDelimiter: '',
    defaultScope: {},
    scopes: { hiddenAttr: [Object] },
    indexes: [],
    whereMergeStrategy: 'overwrite',
    name: { plural: 'system_users', singular: 'system_user' },
    omitNull: false,
    charset: 'utf8',
    dialectOptions: { collate: 'utf8_general_ci' },
    createdAt: 'create_time',
    updatedAt: 'update_time',
    deletedAt: 'delete_time',
    sequelize: Sequelize {
      options: [Object],
      config: [Object],
      dialect: [MysqlDialect],
      queryInterface: [MySQLQueryInterface],
      models: [Object],
      modelManager: [ModelManager],
      connectionManager: [ConnectionManager]
    },
    hooks: true,
    type: 'SHOWINDEXES'
  }
]
[2022-12-09T13:33:59.938] [INFO] db - [
  'Executing (default): SHOW INDEX FROM `system_roles`',
  {
    plain: false,
    raw: true,
    logging: [Function: logging],
    showWarnings: false,
    timestamps: true,
    validate: {},
    freezeTableName: false,
    underscored: true,
    paranoid: true,
    rejectOnEmpty: false,
    whereCollection: null,
    schema: null,
    schemaDelimiter: '',
    defaultScope: {},
    scopes: { hiddenAttr: [Object] },
    indexes: [],
    whereMergeStrategy: 'overwrite',
    name: { plural: 'system_roles', singular: 'system_role' },
    omitNull: false,
    charset: 'utf8',
    dialectOptions: { collate: 'utf8_general_ci' },
    createdAt: 'create_time',
    updatedAt: 'update_time',
    deletedAt: 'delete_time',
    sequelize: Sequelize {
      options: [Object],
      config: [Object],
      dialect: [MysqlDialect],
      queryInterface: [MySQLQueryInterface],
      models: [Object],
      modelManager: [ModelManager],
      connectionManager: [ConnectionManager]
    },
    hooks: true,
    type: 'SHOWINDEXES'
  }
]
[2022-12-09T13:33:59.939] [INFO] db - [
  'Executing (default): SHOW INDEX FROM `system_menus`',
  {
    plain: false,
    raw: true,
    logging: [Function: logging],
    showWarnings: false,
    timestamps: true,
    validate: {},
    freezeTableName: false,
    underscored: true,
    paranoid: true,
    rejectOnEmpty: false,
    whereCollection: null,
    schema: null,
    schemaDelimiter: '',
    defaultScope: {},
    scopes: { hiddenAttr: [Object] },
    indexes: [],
    whereMergeStrategy: 'overwrite',
    name: { plural: 'system_menus', singular: 'system_menu' },
    omitNull: false,
    charset: 'utf8',
    dialectOptions: { collate: 'utf8_general_ci' },
    createdAt: 'create_time',
    updatedAt: 'update_time',
    deletedAt: 'delete_time',
    sequelize: Sequelize {
      options: [Object],
      config: [Object],
      dialect: [MysqlDialect],
      queryInterface: [MySQLQueryInterface],
      models: [Object],
      modelManager: [ModelManager],
      connectionManager: [ConnectionManager]
    },
    hooks: true,
    type: 'SHOWINDEXES'
  }
]
[2022-12-09T13:33:59.940] [INFO] db - [
  'Executing (default): SHOW INDEX FROM `system_depts`',
  {
    plain: false,
    raw: true,
    logging: [Function: logging],
    showWarnings: false,
    timestamps: true,
    validate: {},
    freezeTableName: false,
    underscored: true,
    paranoid: true,
    rejectOnEmpty: false,
    whereCollection: null,
    schema: null,
    schemaDelimiter: '',
    defaultScope: {},
    scopes: { hiddenAttr: [Object] },
    indexes: [],
    whereMergeStrategy: 'overwrite',
    name: { plural: 'system_depts', singular: 'system_dept' },
    omitNull: false,
    charset: 'utf8',
    dialectOptions: { collate: 'utf8_general_ci' },
    createdAt: 'create_time',
    updatedAt: 'update_time',
    deletedAt: 'delete_time',
    sequelize: Sequelize {
      options: [Object],
      config: [Object],
      dialect: [MysqlDialect],
      queryInterface: [MySQLQueryInterface],
      models: [Object],
      modelManager: [ModelManager],
      connectionManager: [ConnectionManager]
    },
    hooks: true,
    type: 'SHOWINDEXES'
  }
]
[2022-12-09T13:33:59.943] [INFO] db - [
  'Executing (default): SHOW INDEX FROM `system_user_roles`',
  {
    plain: false,
    raw: true,
    logging: [Function: logging],
    showWarnings: false,
    timestamps: true,
    validate: {},
    freezeTableName: false,
    underscored: true,
    paranoid: true,
    rejectOnEmpty: false,
    whereCollection: null,
    schema: null,
    schemaDelimiter: '',
    defaultScope: {},
    scopes: { hiddenAttr: [Object] },
    indexes: [],
    whereMergeStrategy: 'overwrite',
    name: { plural: 'system_user_roles', singular: 'system_user_role' },
    omitNull: false,
    charset: 'utf8',
    dialectOptions: { collate: 'utf8_general_ci' },
    createdAt: 'create_time',
    updatedAt: 'update_time',
    deletedAt: 'delete_time',
    comment: '用户角色表',
    sequelize: Sequelize {
      options: [Object],
      config: [Object],
      dialect: [MysqlDialect],
      queryInterface: [MySQLQueryInterface],
      models: [Object],
      modelManager: [ModelManager],
      connectionManager: [ConnectionManager]
    },
    hooks: true,
    type: 'SHOWINDEXES'
  }
]
[2022-12-09T13:33:59.949] [INFO] db - [
  'Executing (default): SHOW INDEX FROM `system_role_menus`',
  {
    plain: false,
    raw: true,
    logging: [Function: logging],
    showWarnings: false,
    timestamps: true,
    validate: {},
    freezeTableName: false,
    underscored: true,
    paranoid: true,
    rejectOnEmpty: false,
    whereCollection: null,
    schema: null,
    schemaDelimiter: '',
    defaultScope: {},
    scopes: { hiddenAttr: [Object] },
    indexes: [],
    whereMergeStrategy: 'overwrite',
    name: { plural: 'system_role_menus', singular: 'system_role_menu' },
    omitNull: false,
    charset: 'utf8',
    dialectOptions: { collate: 'utf8_general_ci' },
    createdAt: 'create_time',
    updatedAt: 'update_time',
    deletedAt: 'delete_time',
    comment: '角色菜单关联表',
    sequelize: Sequelize {
      options: [Object],
      config: [Object],
      dialect: [MysqlDialect],
      queryInterface: [MySQLQueryInterface],
      models: [Object],
      modelManager: [ModelManager],
      connectionManager: [ConnectionManager]
    },
    hooks: true,
    type: 'SHOWINDEXES'
  }
]
[2022-12-09T13:33:59.950] [INFO] db - [
  'Executing (default): SHOW INDEX FROM `post`',
  {
    plain: false,
    raw: true,
    logging: [Function: logging],
    showWarnings: false,
    timestamps: true,
    validate: {},
    freezeTableName: true,
    underscored: true,
    paranoid: true,
    rejectOnEmpty: false,
    whereCollection: null,
    schema: null,
    schemaDelimiter: '',
    defaultScope: {},
    scopes: { hiddenAttr: [Object] },
    indexes: [],
    whereMergeStrategy: 'overwrite',
    name: { plural: 'posts', singular: 'post' },
    omitNull: false,
    charset: 'utf8',
    dialectOptions: { collate: 'utf8_general_ci' },
    createdAt: 'create_time',
    updatedAt: 'update_time',
    deletedAt: 'delete_time',
    sequelize: Sequelize {
      options: [Object],
      config: [Object],
      dialect: [MysqlDialect],
      queryInterface: [MySQLQueryInterface],
      models: [Object],
      modelManager: [ModelManager],
      connectionManager: [ConnectionManager]
    },
    hooks: true,
    type: 'SHOWINDEXES'
  }
]
[2022-12-09T13:33:59.952] [INFO] db - [
  'Executing (default): SHOW INDEX FROM `tag`',
  {
    plain: false,
    raw: true,
    logging: [Function: logging],
    showWarnings: false,
    timestamps: true,
    validate: {},
    freezeTableName: true,
    underscored: true,
    paranoid: true,
    rejectOnEmpty: false,
    whereCollection: null,
    schema: null,
    schemaDelimiter: '',
    defaultScope: {},
    scopes: { hiddenAttr: [Object] },
    indexes: [],
    whereMergeStrategy: 'overwrite',
    name: { plural: 'tags', singular: 'tag' },
    omitNull: false,
    charset: 'utf8',
    dialectOptions: { collate: 'utf8_general_ci' },
    createdAt: 'create_time',
    updatedAt: 'update_time',
    deletedAt: 'delete_time',
    sequelize: Sequelize {
      options: [Object],
      config: [Object],
      dialect: [MysqlDialect],
      queryInterface: [MySQLQueryInterface],
      models: [Object],
      modelManager: [ModelManager],
      connectionManager: [ConnectionManager]
    },
    hooks: true,
    type: 'SHOWINDEXES'
  }
]
[2022-12-09T13:33:59.953] [INFO] db - [
  'Executing (default): SHOW INDEX FROM `postTag`',
  {
    plain: false,
    raw: true,
    logging: [Function: logging],
    showWarnings: false,
    timestamps: true,
    validate: {},
    freezeTableName: true,
    underscored: true,
    paranoid: true,
    rejectOnEmpty: false,
    whereCollection: null,
    schema: null,
    schemaDelimiter: '',
    defaultScope: {},
    scopes: { hiddenAttr: [Object] },
    indexes: [],
    whereMergeStrategy: 'overwrite',
    name: { plural: 'postTags', singular: 'postTag' },
    omitNull: false,
    charset: 'utf8',
    dialectOptions: { collate: 'utf8_general_ci' },
    createdAt: 'create_time',
    updatedAt: 'update_time',
    deletedAt: 'delete_time',
    sequelize: Sequelize {
      options: [Object],
      config: [Object],
      dialect: [MysqlDialect],
      queryInterface: [MySQLQueryInterface],
      models: [Object],
      modelManager: [ModelManager],
      connectionManager: [ConnectionManager]
    },
    hooks: true,
    type: 'SHOWINDEXES'
  }
]
[2022-12-09T13:34:03.988] [INFO] db - [
  'Executing (default): SELECT `id` AS `menuId`, `menu_name` AS `menuName`, `parent_id` AS `parentId`, `path`, `component`, `perms`, `type`, `order_num` AS `orderNum`, `icon`, `create_time` AS `createTime`, `update_time` AS `updateTime` FROM `system_menus` AS `system_menu` WHERE (`system_menu`.`delete_time` IS NULL);',
  {
    plain: false,
    raw: true,
    logging: [Function: logging],
    showWarnings: false,
    hooks: true,
    rejectOnEmpty: false,
    attributes: [
      [Array],     [Array],
      [Array],     'path',
      'component', 'perms',
      'type',      [Array],
      'icon',      [Array],
      [Array]
    ],
    originalAttributes: [
      'menuId',     'menuName',
      'parentId',   'path',
      'component',  'perms',
      'type',       'orderNum',
      'icon',       'createTime',
      'updateTime'
    ],
    where: '(`system_menu`.`delete_time` IS NULL)',
    tableNames: [ 'system_menus' ],
    type: 'SELECT',
    model: system_menu
  }
]
[2022-12-09T16:16:06.278] [INFO] db - [
  'Executing (default): SELECT `id` AS `menuId`, `menu_name` AS `menuName`, `parent_id` AS `parentId`, `path`, `component`, `perms`, `type`, `order_num` AS `orderNum`, `icon`, `create_time` AS `createTime`, `update_time` AS `updateTime` FROM `system_menus` AS `system_menu` WHERE (`system_menu`.`delete_time` IS NULL);',
  {
    plain: false,
    raw: true,
    logging: [Function: logging],
    showWarnings: false,
    hooks: true,
    rejectOnEmpty: false,
    attributes: [
      [Array],     [Array],
      [Array],     'path',
      'component', 'perms',
      'type',      [Array],
      'icon',      [Array],
      [Array]
    ],
    originalAttributes: [
      'menuId',     'menuName',
      'parentId',   'path',
      'component',  'perms',
      'type',       'orderNum',
      'icon',       'createTime',
      'updateTime'
    ],
    where: '(`system_menu`.`delete_time` IS NULL)',
    tableNames: [ 'system_menus' ],
    type: 'SELECT',
    model: system_menu
  }
]
[2022-12-09T16:24:03.725] [INFO] db - [
  'Executing (default): SELECT `id` AS `menuId`, `menu_name` AS `menuName`, `parent_id` AS `parentId`, `path`, `component`, `perms`, `type`, `order_num` AS `orderNum`, `icon`, `create_time` AS `createTime`, `update_time` AS `updateTime` FROM `system_menus` AS `system_menu` WHERE (`system_menu`.`delete_time` IS NULL);',
  {
    plain: false,
    raw: true,
    logging: [Function: logging],
    showWarnings: false,
    hooks: true,
    rejectOnEmpty: false,
    attributes: [
      [Array],     [Array],
      [Array],     'path',
      'component', 'perms',
      'type',      [Array],
      'icon',      [Array],
      [Array]
    ],
    originalAttributes: [
      'menuId',     'menuName',
      'parentId',   'path',
      'component',  'perms',
      'type',       'orderNum',
      'icon',       'createTime',
      'updateTime'
    ],
    where: '(`system_menu`.`delete_time` IS NULL)',
    tableNames: [ 'system_menus' ],
    type: 'SELECT',
    model: system_menu
  }
]
[2022-12-09T16:31:39.335] [INFO] db - [
  'Executing (default): SELECT `id` AS `menuId`, `menu_name` AS `menuName`, `parent_id` AS `parentId`, `path`, `component`, `perms`, `type`, `order_num` AS `orderNum`, `icon`, `create_time` AS `createTime`, `update_time` AS `updateTime` FROM `system_menus` AS `system_menu` WHERE (`system_menu`.`delete_time` IS NULL);',
  {
    plain: false,
    raw: true,
    logging: [Function: logging],
    showWarnings: false,
    hooks: true,
    rejectOnEmpty: false,
    attributes: [
      [Array],     [Array],
      [Array],     'path',
      'component', 'perms',
      'type',      [Array],
      'icon',      [Array],
      [Array]
    ],
    originalAttributes: [
      'menuId',     'menuName',
      'parentId',   'path',
      'component',  'perms',
      'type',       'orderNum',
      'icon',       'createTime',
      'updateTime'
    ],
    where: '(`system_menu`.`delete_time` IS NULL)',
    tableNames: [ 'system_menus' ],
    type: 'SELECT',
    model: system_menu
  }
]
[2022-12-09T16:31:57.187] [INFO] db - [
  'Executing (default): SELECT `id` AS `menuId`, `menu_name` AS `menuName`, `parent_id` AS `parentId`, `path`, `component`, `perms`, `type`, `order_num` AS `orderNum`, `icon`, `create_time` AS `createTime`, `update_time` AS `updateTime` FROM `system_menus` AS `system_menu` WHERE (`system_menu`.`delete_time` IS NULL AND `system_menu`.`id` = 1);',
  {
    plain: true,
    raw: true,
    logging: [Function: logging],
    showWarnings: false,
    where: '(`system_menu`.`delete_time` IS NULL AND `system_menu`.`id` = 1)',
    hooks: true,
    rejectOnEmpty: false,
    attributes: [
      [Array],     [Array],
      [Array],     'path',
      'component', 'perms',
      'type',      [Array],
      'icon',      [Array],
      [Array]
    ],
    originalAttributes: [
      'menuId',     'menuName',
      'parentId',   'path',
      'component',  'perms',
      'type',       'orderNum',
      'icon',       'createTime',
      'updateTime'
    ],
    tableNames: [ 'system_menus' ],
    type: 'SELECT',
    model: system_menu
  }
]
[2022-12-09T16:31:57.199] [INFO] db - [
  'Executing (default): UPDATE `system_menus` SET `id`=?,`menu_name`=?,`parent_id`=?,`path`=?,`component`=?,`perms`=?,`type`=?,`order_num`=?,`icon`=?,`update_time`=? WHERE (`delete_time` IS NULL AND `id` = ?)',
  {
    plain: false,
    raw: false,
    logging: [Function: logging],
    showWarnings: false,
    where: { [Symbol(and)]: [Array] },
    validate: true,
    hooks: true,
    individualHooks: false,
    returning: false,
    force: false,
    sideEffects: true,
    type: 'BULKUPDATE',
    fields: [
      'menuId',    'menuName',
      'parentId',  'path',
      'component', 'perms',
      'type',      'orderNum',
      'icon',      'update_time'
    ],
    model: system_menu,
    skip: undefined,
    hasTrigger: undefined,
    dialect: 'mysql',
    dialectModule: null,
    dialectModulePath: null,
    host: 'localhost',
    protocol: 'tcp',
    define: {
      charset: 'utf8',
      dialectOptions: [Object],
      timestamps: true,
      paranoid: true,
      createdAt: 'create_time',
      updatedAt: 'update_time',
      deletedAt: 'delete_time',
      underscored: true,
      scopes: [Object]
    },
    query: {},
    sync: {},
    timezone: '+08:00',
    standardConformingStrings: true,
    omitNull: false,
    native: false,
    replication: false,
    ssl: undefined,
    pool: { max: 5, min: 0, idle: 30000 },
    quoteIdentifiers: true,
    retry: { max: 5, match: [Array] },
    transactionType: 'DEFERRED',
    isolationLevel: null,
    databaseVersion: '8.0.29',
    typeValidation: false,
    benchmark: false,
    minifyAliases: false,
    logQueryParameters: false,
    operatorAliases: false,
    dialectOptions: { dateStrings: true, typeCast: true },
    models: [
      'D:\\Job\\YHKJ\\me\\code\\node-koa2-mysql-server\\,model\\**\\*.js'
    ],
    allowNull: [],
    bind: [
      1,
      '系统管理',
      0,
      '/system',
      'Layout',
      'systemsystem',
      1,
      1,
      'Setting',
      '2022-12-09 16:31:57',
      1
    ]
  }
]
[2022-12-09T16:31:57.226] [INFO] db - [
  'Executing (default): SELECT `id` AS `menuId`, `menu_name` AS `menuName`, `parent_id` AS `parentId`, `path`, `component`, `perms`, `type`, `order_num` AS `orderNum`, `icon`, `create_time` AS `createTime`, `update_time` AS `updateTime` FROM `system_menus` AS `system_menu` WHERE (`system_menu`.`delete_time` IS NULL);',
  {
    plain: false,
    raw: true,
    logging: [Function: logging],
    showWarnings: false,
    hooks: true,
    rejectOnEmpty: false,
    attributes: [
      [Array],     [Array],
      [Array],     'path',
      'component', 'perms',
      'type',      [Array],
      'icon',      [Array],
      [Array]
    ],
    originalAttributes: [
      'menuId',     'menuName',
      'parentId',   'path',
      'component',  'perms',
      'type',       'orderNum',
      'icon',       'createTime',
      'updateTime'
    ],
    where: '(`system_menu`.`delete_time` IS NULL)',
    tableNames: [ 'system_menus' ],
    type: 'SELECT',
    model: system_menu
  }
]
[2022-12-09T16:32:00.691] [INFO] db - [
  'Executing (default): SELECT `id` AS `menuId`, `menu_name` AS `menuName`, `parent_id` AS `parentId`, `path`, `component`, `perms`, `type`, `order_num` AS `orderNum`, `icon`, `create_time` AS `createTime`, `update_time` AS `updateTime` FROM `system_menus` AS `system_menu` WHERE (`system_menu`.`delete_time` IS NULL);',
  {
    plain: false,
    raw: true,
    logging: [Function: logging],
    showWarnings: false,
    hooks: true,
    rejectOnEmpty: false,
    attributes: [
      [Array],     [Array],
      [Array],     'path',
      'component', 'perms',
      'type',      [Array],
      'icon',      [Array],
      [Array]
    ],
    originalAttributes: [
      'menuId',     'menuName',
      'parentId',   'path',
      'component',  'perms',
      'type',       'orderNum',
      'icon',       'createTime',
      'updateTime'
    ],
    where: '(`system_menu`.`delete_time` IS NULL)',
    tableNames: [ 'system_menus' ],
    type: 'SELECT',
    model: system_menu
  }
]
[2022-12-09T16:32:07.411] [INFO] db - [
  "Executing (default): SELECT `id` AS `userId`, `user_name` AS `userName`, `real_name` AS `realName`, `gender`, `avatar`, `mobile`, `email`, `dept_id` AS `deptId`, `org_id` AS `orgId`, `status`, `description`, `last_login_time` AS `lastLoginTime`, `create_time` AS `createTime`, `update_time` AS `updateTime` FROM `system_users` AS `system_user` WHERE (`system_user`.`delete_time` IS NULL AND (`system_user`.`password` = 'e10adc3949ba59abbe56e057f20f883e' AND `system_user`.`user_name` = 'xunxiao')) LIMIT 1;",
  {
    plain: true,
    raw: true,
    logging: [Function: logging],
    showWarnings: false,
    where: "(`system_user`.`delete_time` IS NULL AND (`system_user`.`password` = 'e10adc3949ba59abbe56e057f20f883e' AND `system_user`.`user_name` = 'xunxiao'))",
    attributes: [
      [Array],       [Array],
      [Array],       'gender',
      'avatar',      'mobile',
      'email',       [Array],
      [Array],       'status',
      'description', [Array],
      [Array],       [Array]
    ],
    limit: 1,
    hooks: true,
    rejectOnEmpty: false,
    originalAttributes: [
      'userId',      'userName',
      'realName',    'gender',
      'avatar',      'mobile',
      'email',       'deptId',
      'orgId',       'status',
      'description', 'lastLoginTime',
      'createTime',  'updateTime'
    ],
    tableNames: [ 'system_users' ],
    type: 'SELECT',
    model: system_user
  }
]
[2022-12-09T16:32:07.416] [INFO] db - [
  'Executing (65757dfe-9d37-4b82-8bf3-bc88eef62731): START TRANSACTION;',
  {
    plain: false,
    raw: true,
    logging: [Function: logging],
    showWarnings: false,
    type: 'DEFERRED',
    isolationLevel: null,
    readOnly: false,
    transaction: Transaction {
      sequelize: [Sequelize],
      savepoints: [],
      _afterCommitHooks: [],
      options: [Object],
      parent: undefined,
      name: undefined,
      id: '65757dfe-9d37-4b82-8bf3-bc88eef62731',
      connection: [Connection]
    }
  }
]
[2022-12-09T16:32:07.547] [INFO] db - [
  'Executing (65757dfe-9d37-4b82-8bf3-bc88eef62731): SELECT `id` AS `userId`, `user_name` AS `userName`, `real_name` AS `realName`, `password`, `gender`, `avatar`, `mobile`, `email`, `dept_id` AS `deptId`, `org_id` AS `orgId`, `status`, `description`, `last_login_time` AS `lastLoginTime`, `create_time` AS `createTime`, `update_time` AS `updateTime` FROM `system_users` AS `system_user` WHERE (`system_user`.`delete_time` IS NULL AND `system_user`.`id` = 1);',
  {
    plain: true,
    raw: false,
    logging: [Function: logging],
    showWarnings: false,
    transaction: Transaction {
      sequelize: [Sequelize],
      savepoints: [],
      _afterCommitHooks: [],
      options: [Object],
      parent: undefined,
      name: undefined,
      id: '65757dfe-9d37-4b82-8bf3-bc88eef62731',
      connection: [Connection]
    },
    where: '(`system_user`.`delete_time` IS NULL AND `system_user`.`id` = 1)',
    hooks: true,
    rejectOnEmpty: false,
    attributes: [
      [Array],  [Array],
      [Array],  'password',
      'gender', 'avatar',
      'mobile', 'email',
      [Array],  [Array],
      'status', 'description',
      [Array],  [Array],
      [Array]
    ],
    originalAttributes: [
      'userId',        'userName',
      'realName',      'password',
      'gender',        'avatar',
      'mobile',        'email',
      'deptId',        'orgId',
      'status',        'description',
      'lastLoginTime', 'createTime',
      'updateTime'
    ],
    tableNames: [ 'system_users' ],
    type: 'SELECT',
    model: system_user
  }
]
[2022-12-09T16:32:07.557] [INFO] db - [
  'Executing (default): UPDATE `system_users` SET `id`=?,`last_login_time`=?,`update_time`=? WHERE (`delete_time` IS NULL AND `id` = ?)',
  {
    plain: false,
    raw: false,
    logging: [Function: logging],
    showWarnings: false,
    where: { [Symbol(and)]: [Array] },
    validate: true,
    hooks: true,
    individualHooks: false,
    returning: false,
    force: false,
    sideEffects: true,
    type: 'BULKUPDATE',
    fields: [ 'userId', 'lastLoginTime', 'update_time' ],
    model: system_user,
    skip: undefined,
    hasTrigger: undefined,
    dialect: 'mysql',
    dialectModule: null,
    dialectModulePath: null,
    host: 'localhost',
    protocol: 'tcp',
    define: {
      charset: 'utf8',
      dialectOptions: [Object],
      timestamps: true,
      paranoid: true,
      createdAt: 'create_time',
      updatedAt: 'update_time',
      deletedAt: 'delete_time',
      underscored: true,
      scopes: [Object]
    },
    query: {},
    sync: {},
    timezone: '+08:00',
    standardConformingStrings: true,
    omitNull: false,
    native: false,
    replication: false,
    ssl: undefined,
    pool: { max: 5, min: 0, idle: 30000 },
    quoteIdentifiers: true,
    retry: { max: 5, match: [Array] },
    transactionType: 'DEFERRED',
    isolationLevel: null,
    databaseVersion: '8.0.29',
    typeValidation: false,
    benchmark: false,
    minifyAliases: false,
    logQueryParameters: false,
    operatorAliases: false,
    dialectOptions: { dateStrings: true, typeCast: true },
    models: [
      'D:\\Job\\YHKJ\\me\\code\\node-koa2-mysql-server\\,model\\**\\*.js'
    ],
    allowNull: [],
    bind: [ 1, '2022-12-09 16:32:07', '2022-12-09 16:32:07', 1 ]
  }
]
[2022-12-09T16:32:07.562] [INFO] db - [
  'Executing (65757dfe-9d37-4b82-8bf3-bc88eef62731): COMMIT;',
  {
    plain: false,
    raw: true,
    logging: [Function: logging],
    showWarnings: false,
    type: 'DEFERRED',
    isolationLevel: null,
    readOnly: false,
    transaction: Transaction {
      sequelize: [Sequelize],
      savepoints: [],
      _afterCommitHooks: [],
      options: [Object],
      parent: undefined,
      name: undefined,
      id: '65757dfe-9d37-4b82-8bf3-bc88eef62731',
      connection: [Connection],
      finished: 'commit'
    },
    supportsSearchPath: false,
    completesTransaction: true
  }
]
[2022-12-09T16:32:07.587] [INFO] db - [
  'Executing (default): SELECT `system_user`.`id` AS `userId`, `system_user`.`user_name` AS `userName`, `system_user`.`real_name` AS `realName`, `system_user`.`gender`, `system_user`.`avatar`, `system_user`.`mobile`, `system_user`.`email`, `system_user`.`dept_id` AS `deptId`, `system_user`.`org_id` AS `orgId`, `system_user`.`status`, `system_user`.`description`, `system_user`.`last_login_time` AS `lastLoginTime`, `system_user`.`create_time` AS `createTime`, `system_user`.`update_time` AS `updateTime`, `system_roles`.`id` AS `system_roles.roleId`, `system_roles`.`id` AS `system_roles.id`, `system_roles`.`role_name` AS `system_roles.roleName`, `system_roles->system_menus`.`id` AS `system_roles.system_menus.menuId`, `system_roles->system_menus`.`menu_name` AS `system_roles.system_menus.menuName`, `system_roles->system_menus`.`parent_id` AS `system_roles.system_menus.parentId`, `system_roles->system_menus`.`path` AS `system_roles.system_menus.path`, `system_roles->system_menus`.`component` AS `system_roles.system_menus.component`, `system_roles->system_menus`.`perms` AS `system_roles.system_menus.perms`, `system_roles->system_menus`.`order_num` AS `system_roles.system_menus.orderNum`, `system_roles->system_menus`.`icon` AS `system_roles.system_menus.icon`, `system_roles->system_menus`.`type` AS `system_roles.system_menus.type` FROM `system_users` AS `system_user` LEFT OUTER JOIN ( `system_user_roles` AS `system_roles->system_user_role` INNER JOIN `system_roles` AS `system_roles` ON `system_roles`.`id` = `system_roles->system_user_role`.`role_id` AND (`system_roles->system_user_role`.`delete_time` IS NULL)) ON `system_user`.`id` = `system_roles->system_user_role`.`user_id` AND (`system_roles`.`delete_time` IS NULL) LEFT OUTER JOIN ( `system_role_menus` AS `system_roles->system_menus->system_role_menu` INNER JOIN `system_menus` AS `system_roles->system_menus` ON `system_roles->system_menus`.`id` = `system_roles->system_menus->system_role_menu`.`menu_id` AND (`system_roles->system_menus->system_role_menu`.`delete_time` IS NULL)) ON `system_roles`.`id` = `system_roles->system_menus->system_role_menu`.`role_id` AND (`system_roles->system_menus`.`delete_time` IS NULL) WHERE (`system_user`.`delete_time` IS NULL AND `system_user`.`id` = 1);',
  {
    plain: true,
    raw: false,
    logging: [Function: logging],
    showWarnings: false,
    include: [ [Object] ],
    attributes: [
      [Array],       [Array],
      [Array],       'gender',
      'avatar',      'mobile',
      'email',       [Array],
      [Array],       'status',
      'description', [Array],
      [Array],       [Array]
    ],
    where: '(`system_user`.`delete_time` IS NULL AND `system_user`.`id` = 1)',
    hooks: true,
    rejectOnEmpty: false,
    originalAttributes: [
      'userId',      'userName',
      'realName',    'gender',
      'avatar',      'mobile',
      'email',       'deptId',
      'orgId',       'status',
      'description', 'lastLoginTime',
      'createTime',  'updateTime'
    ],
    hasJoin: true,
    model: system_user,
    includeNames: [ 'system_roles' ],
    includeMap: { system_roles: [Object] },
    hasSingleAssociation: true,
    hasMultiAssociation: true,
    topModel: system_user,
    topLimit: undefined,
    hasDuplicating: true,
    hasRequired: false,
    hasWhere: false,
    hasIncludeWhere: false,
    hasIncludeRequired: false,
    subQuery: false,
    tableNames: [
      'system_users',
      'system_roles',
      'undefined',
      'system_menus',
      'system_role_menus',
      'system_user_roles'
    ],
    type: 'SELECT',
    keysEscaped: true
  }
]
[2022-12-09T16:32:07.596] [INFO] db - [
  'Executing (default): SELECT `system_user`.`id` AS `userId`, `system_user`.`user_name` AS `userName`, `system_user`.`real_name` AS `realName`, `system_user`.`gender`, `system_user`.`avatar`, `system_user`.`mobile`, `system_user`.`email`, `system_user`.`dept_id` AS `deptId`, `system_user`.`org_id` AS `orgId`, `system_user`.`status`, `system_user`.`description`, `system_user`.`last_login_time` AS `lastLoginTime`, `system_user`.`create_time` AS `createTime`, `system_user`.`update_time` AS `updateTime`, `system_roles`.`id` AS `system_roles.roleId`, `system_roles`.`id` AS `system_roles.id`, `system_roles`.`role_name` AS `system_roles.roleName`, `system_roles->system_menus`.`id` AS `system_roles.system_menus.menuId`, `system_roles->system_menus`.`menu_name` AS `system_roles.system_menus.menuName`, `system_roles->system_menus`.`parent_id` AS `system_roles.system_menus.parentId`, `system_roles->system_menus`.`path` AS `system_roles.system_menus.path`, `system_roles->system_menus`.`component` AS `system_roles.system_menus.component`, `system_roles->system_menus`.`perms` AS `system_roles.system_menus.perms`, `system_roles->system_menus`.`order_num` AS `system_roles.system_menus.orderNum`, `system_roles->system_menus`.`icon` AS `system_roles.system_menus.icon`, `system_roles->system_menus`.`type` AS `system_roles.system_menus.type` FROM `system_users` AS `system_user` LEFT OUTER JOIN ( `system_user_roles` AS `system_roles->system_user_role` INNER JOIN `system_roles` AS `system_roles` ON `system_roles`.`id` = `system_roles->system_user_role`.`role_id` AND (`system_roles->system_user_role`.`delete_time` IS NULL)) ON `system_user`.`id` = `system_roles->system_user_role`.`user_id` AND (`system_roles`.`delete_time` IS NULL) LEFT OUTER JOIN ( `system_role_menus` AS `system_roles->system_menus->system_role_menu` INNER JOIN `system_menus` AS `system_roles->system_menus` ON `system_roles->system_menus`.`id` = `system_roles->system_menus->system_role_menu`.`menu_id` AND (`system_roles->system_menus->system_role_menu`.`delete_time` IS NULL)) ON `system_roles`.`id` = `system_roles->system_menus->system_role_menu`.`role_id` AND (`system_roles->system_menus`.`delete_time` IS NULL) WHERE (`system_user`.`delete_time` IS NULL AND `system_user`.`id` = 1);',
  {
    plain: true,
    raw: false,
    logging: [Function: logging],
    showWarnings: false,
    include: [ [Object] ],
    attributes: [
      [Array],       [Array],
      [Array],       'gender',
      'avatar',      'mobile',
      'email',       [Array],
      [Array],       'status',
      'description', [Array],
      [Array],       [Array]
    ],
    where: '(`system_user`.`delete_time` IS NULL AND `system_user`.`id` = 1)',
    hooks: true,
    rejectOnEmpty: false,
    originalAttributes: [
      'userId',      'userName',
      'realName',    'gender',
      'avatar',      'mobile',
      'email',       'deptId',
      'orgId',       'status',
      'description', 'lastLoginTime',
      'createTime',  'updateTime'
    ],
    hasJoin: true,
    model: system_user,
    includeNames: [ 'system_roles' ],
    includeMap: { system_roles: [Object] },
    hasSingleAssociation: true,
    hasMultiAssociation: true,
    topModel: system_user,
    topLimit: undefined,
    hasDuplicating: true,
    hasRequired: false,
    hasWhere: false,
    hasIncludeWhere: false,
    hasIncludeRequired: false,
    subQuery: false,
    tableNames: [
      'system_users',
      'system_roles',
      'undefined',
      'system_menus',
      'system_role_menus',
      'system_user_roles'
    ],
    type: 'SELECT',
    keysEscaped: true
  }
]
[2022-12-09T16:32:07.604] [INFO] db - [
  'Executing (default): SELECT `system_user`.`id` AS `userId`, `system_user`.`user_name` AS `userName`, `system_user`.`real_name` AS `realName`, `system_user`.`gender`, `system_user`.`avatar`, `system_user`.`mobile`, `system_user`.`email`, `system_user`.`dept_id` AS `deptId`, `system_user`.`org_id` AS `orgId`, `system_user`.`status`, `system_user`.`description`, `system_user`.`last_login_time` AS `lastLoginTime`, `system_user`.`create_time` AS `createTime`, `system_user`.`update_time` AS `updateTime`, `system_roles`.`id` AS `system_roles.roleId`, `system_roles`.`id` AS `system_roles.id`, `system_roles`.`role_name` AS `system_roles.roleName`, `system_roles->system_menus`.`id` AS `system_roles.system_menus.menuId`, `system_roles->system_menus`.`menu_name` AS `system_roles.system_menus.menuName`, `system_roles->system_menus`.`parent_id` AS `system_roles.system_menus.parentId`, `system_roles->system_menus`.`path` AS `system_roles.system_menus.path`, `system_roles->system_menus`.`component` AS `system_roles.system_menus.component`, `system_roles->system_menus`.`perms` AS `system_roles.system_menus.perms`, `system_roles->system_menus`.`order_num` AS `system_roles.system_menus.orderNum`, `system_roles->system_menus`.`icon` AS `system_roles.system_menus.icon`, `system_roles->system_menus`.`type` AS `system_roles.system_menus.type` FROM `system_users` AS `system_user` LEFT OUTER JOIN ( `system_user_roles` AS `system_roles->system_user_role` INNER JOIN `system_roles` AS `system_roles` ON `system_roles`.`id` = `system_roles->system_user_role`.`role_id` AND (`system_roles->system_user_role`.`delete_time` IS NULL)) ON `system_user`.`id` = `system_roles->system_user_role`.`user_id` AND (`system_roles`.`delete_time` IS NULL) LEFT OUTER JOIN ( `system_role_menus` AS `system_roles->system_menus->system_role_menu` INNER JOIN `system_menus` AS `system_roles->system_menus` ON `system_roles->system_menus`.`id` = `system_roles->system_menus->system_role_menu`.`menu_id` AND (`system_roles->system_menus->system_role_menu`.`delete_time` IS NULL)) ON `system_roles`.`id` = `system_roles->system_menus->system_role_menu`.`role_id` AND (`system_roles->system_menus`.`delete_time` IS NULL) WHERE (`system_user`.`delete_time` IS NULL AND `system_user`.`id` = 1);',
  {
    plain: true,
    raw: false,
    logging: [Function: logging],
    showWarnings: false,
    include: [ [Object] ],
    attributes: [
      [Array],       [Array],
      [Array],       'gender',
      'avatar',      'mobile',
      'email',       [Array],
      [Array],       'status',
      'description', [Array],
      [Array],       [Array]
    ],
    where: '(`system_user`.`delete_time` IS NULL AND `system_user`.`id` = 1)',
    hooks: true,
    rejectOnEmpty: false,
    originalAttributes: [
      'userId',      'userName',
      'realName',    'gender',
      'avatar',      'mobile',
      'email',       'deptId',
      'orgId',       'status',
      'description', 'lastLoginTime',
      'createTime',  'updateTime'
    ],
    hasJoin: true,
    model: system_user,
    includeNames: [ 'system_roles' ],
    includeMap: { system_roles: [Object] },
    hasSingleAssociation: true,
    hasMultiAssociation: true,
    topModel: system_user,
    topLimit: undefined,
    hasDuplicating: true,
    hasRequired: false,
    hasWhere: false,
    hasIncludeWhere: false,
    hasIncludeRequired: false,
    subQuery: false,
    tableNames: [
      'system_users',
      'system_roles',
      'undefined',
      'system_menus',
      'system_role_menus',
      'system_user_roles'
    ],
    type: 'SELECT',
    keysEscaped: true
  }
]
[2022-12-09T16:32:07.893] [INFO] db - [
  'Executing (default): SELECT `id` AS `menuId`, `menu_name` AS `menuName`, `parent_id` AS `parentId`, `path`, `component`, `perms`, `type`, `order_num` AS `orderNum`, `icon`, `create_time` AS `createTime`, `update_time` AS `updateTime` FROM `system_menus` AS `system_menu` WHERE (`system_menu`.`delete_time` IS NULL);',
  {
    plain: false,
    raw: true,
    logging: [Function: logging],
    showWarnings: false,
    hooks: true,
    rejectOnEmpty: false,
    attributes: [
      [Array],     [Array],
      [Array],     'path',
      'component', 'perms',
      'type',      [Array],
      'icon',      [Array],
      [Array]
    ],
    originalAttributes: [
      'menuId',     'menuName',
      'parentId',   'path',
      'component',  'perms',
      'type',       'orderNum',
      'icon',       'createTime',
      'updateTime'
    ],
    where: '(`system_menu`.`delete_time` IS NULL)',
    tableNames: [ 'system_menus' ],
    type: 'SELECT',
    model: system_menu
  }
]
