[2022-09-10T17:37:10.441] [INFO] db - [
  'Executing (default): SELECT 1+1 AS result',
  {
    plain: true,
    raw: true,
    logging: [Function: logging],
    showWarnings: false,
    type: 'SELECT'
  }
]
[2022-09-10T17:37:10.445] [INFO] db - [
  "Executing (default): SELECT TABLE_NAME FROM INFORMATION_SCHEMA.TABLES WHERE TABLE_TYPE = 'BASE TABLE' AND TABLE_NAME = 'Admins' AND TABLE_SCHEMA = 'koa-mysql'",
  {
    plain: false,
    raw: true,
    logging: [Function: logging],
    showWarnings: false,
    timestamps: true,
    validate: {},
    freezeTableName: false,
    underscored: false,
    paranoid: false,
    rejectOnEmpty: false,
    whereCollection: null,
    schema: null,
    schemaDelimiter: '',
    defaultScope: {},
    scopes: {},
    indexes: [],
    whereMergeStrategy: 'overwrite',
    name: { plural: 'Admins', singular: 'Admin' },
    omitNull: false,
    charset: 'utf8',
    dialectOptions: { collate: 'utf8_general_ci' },
    sequelize: Sequelize {
      options: [Object],
      config: [Object],
      dialect: [MysqlDialect],
      queryInterface: [MySQLQueryInterface],
      models: [Object],
      modelManager: [ModelManager],
      connectionManager: [ConnectionManager]
    },
    hooks: true,
    type: 'SHOWTABLES'
  }
]
[2022-09-10T17:37:10.451] [INFO] db - [
  'Executing (default): SHOW INDEX FROM `Admins`',
  {
    plain: false,
    raw: true,
    logging: [Function: logging],
    showWarnings: false,
    timestamps: true,
    validate: {},
    freezeTableName: false,
    underscored: false,
    paranoid: false,
    rejectOnEmpty: false,
    whereCollection: null,
    schema: null,
    schemaDelimiter: '',
    defaultScope: {},
    scopes: {},
    indexes: [],
    whereMergeStrategy: 'overwrite',
    name: { plural: 'Admins', singular: 'Admin' },
    omitNull: false,
    charset: 'utf8',
    dialectOptions: { collate: 'utf8_general_ci' },
    sequelize: Sequelize {
      options: [Object],
      config: [Object],
      dialect: [MysqlDialect],
      queryInterface: [MySQLQueryInterface],
      models: [Object],
      modelManager: [ModelManager],
      connectionManager: [ConnectionManager]
    },
    hooks: true,
    type: 'SHOWINDEXES'
  }
]
[2022-09-10T17:39:03.594] [INFO] db - [
  'Executing (default): SELECT 1+1 AS result',
  {
    plain: true,
    raw: true,
    logging: [Function: logging],
    showWarnings: false,
    type: 'SELECT'
  }
]
[2022-09-10T17:39:03.599] [INFO] db - [
  "Executing (default): SELECT TABLE_NAME FROM INFORMATION_SCHEMA.TABLES WHERE TABLE_TYPE = 'BASE TABLE' AND TABLE_NAME = 'Admins' AND TABLE_SCHEMA = 'koa-mysql'",
  {
    plain: false,
    raw: true,
    logging: [Function: logging],
    showWarnings: false,
    timestamps: true,
    validate: {},
    freezeTableName: false,
    underscored: false,
    paranoid: false,
    rejectOnEmpty: false,
    whereCollection: null,
    schema: null,
    schemaDelimiter: '',
    defaultScope: {},
    scopes: {},
    indexes: [],
    whereMergeStrategy: 'overwrite',
    name: { plural: 'Admins', singular: 'Admin' },
    omitNull: false,
    charset: 'utf8',
    dialectOptions: { collate: 'utf8_general_ci' },
    sequelize: Sequelize {
      options: [Object],
      config: [Object],
      dialect: [MysqlDialect],
      queryInterface: [MySQLQueryInterface],
      models: [Object],
      modelManager: [ModelManager],
      connectionManager: [ConnectionManager]
    },
    hooks: true,
    type: 'SHOWTABLES'
  }
]
[2022-09-10T17:39:03.607] [INFO] db - [
  'Executing (default): SHOW INDEX FROM `Admins`',
  {
    plain: false,
    raw: true,
    logging: [Function: logging],
    showWarnings: false,
    timestamps: true,
    validate: {},
    freezeTableName: false,
    underscored: false,
    paranoid: false,
    rejectOnEmpty: false,
    whereCollection: null,
    schema: null,
    schemaDelimiter: '',
    defaultScope: {},
    scopes: {},
    indexes: [],
    whereMergeStrategy: 'overwrite',
    name: { plural: 'Admins', singular: 'Admin' },
    omitNull: false,
    charset: 'utf8',
    dialectOptions: { collate: 'utf8_general_ci' },
    sequelize: Sequelize {
      options: [Object],
      config: [Object],
      dialect: [MysqlDialect],
      queryInterface: [MySQLQueryInterface],
      models: [Object],
      modelManager: [ModelManager],
      connectionManager: [ConnectionManager]
    },
    hooks: true,
    type: 'SHOWINDEXES'
  }
]
[2022-09-10T17:39:07.659] [INFO] db - [
  'Executing (default): SELECT `id`, `firstName`, `lastName`, `createdAt`, `updatedAt` FROM `Admins` AS `Admin` LIMIT 1;',
  {
    plain: true,
    raw: false,
    logging: [Function: logging],
    showWarnings: false,
    limit: 1,
    hooks: true,
    rejectOnEmpty: false,
    originalAttributes: [ 'id', 'firstName', 'lastName', 'createdAt', 'updatedAt' ],
    attributes: [ 'id', 'firstName', 'lastName', 'createdAt', 'updatedAt' ],
    tableNames: [ 'Admins' ],
    type: 'SELECT',
    model: Admin
  }
]
[2022-09-10T17:40:04.623] [INFO] db - [
  'Executing (default): SELECT 1+1 AS result',
  {
    plain: true,
    raw: true,
    logging: [Function: logging],
    showWarnings: false,
    type: 'SELECT'
  }
]
[2022-09-10T17:40:04.628] [INFO] db - [
  "Executing (default): SELECT TABLE_NAME FROM INFORMATION_SCHEMA.TABLES WHERE TABLE_TYPE = 'BASE TABLE' AND TABLE_NAME = 'Admins' AND TABLE_SCHEMA = 'koa-mysql'",
  {
    plain: false,
    raw: true,
    logging: [Function: logging],
    showWarnings: false,
    timestamps: true,
    validate: {},
    freezeTableName: false,
    underscored: false,
    paranoid: false,
    rejectOnEmpty: false,
    whereCollection: null,
    schema: null,
    schemaDelimiter: '',
    defaultScope: {},
    scopes: {},
    indexes: [],
    whereMergeStrategy: 'overwrite',
    name: { plural: 'Admins', singular: 'Admin' },
    omitNull: false,
    charset: 'utf8',
    dialectOptions: { collate: 'utf8_general_ci' },
    sequelize: Sequelize {
      options: [Object],
      config: [Object],
      dialect: [MysqlDialect],
      queryInterface: [MySQLQueryInterface],
      models: [Object],
      modelManager: [ModelManager],
      connectionManager: [ConnectionManager]
    },
    hooks: true,
    type: 'SHOWTABLES'
  }
]
[2022-09-10T17:40:04.634] [INFO] db - [
  'Executing (default): SHOW INDEX FROM `Admins`',
  {
    plain: false,
    raw: true,
    logging: [Function: logging],
    showWarnings: false,
    timestamps: true,
    validate: {},
    freezeTableName: false,
    underscored: false,
    paranoid: false,
    rejectOnEmpty: false,
    whereCollection: null,
    schema: null,
    schemaDelimiter: '',
    defaultScope: {},
    scopes: {},
    indexes: [],
    whereMergeStrategy: 'overwrite',
    name: { plural: 'Admins', singular: 'Admin' },
    omitNull: false,
    charset: 'utf8',
    dialectOptions: { collate: 'utf8_general_ci' },
    sequelize: Sequelize {
      options: [Object],
      config: [Object],
      dialect: [MysqlDialect],
      queryInterface: [MySQLQueryInterface],
      models: [Object],
      modelManager: [ModelManager],
      connectionManager: [ConnectionManager]
    },
    hooks: true,
    type: 'SHOWINDEXES'
  }
]
[2022-09-10T17:40:09.408] [INFO] db - [
  'Executing (default): SELECT `id`, `firstName`, `lastName`, `createdAt`, `updatedAt` FROM `Admins` AS `Admin` LIMIT 1;',
  {
    plain: true,
    raw: false,
    logging: [Function: logging],
    showWarnings: false,
    limit: 1,
    hooks: true,
    rejectOnEmpty: false,
    originalAttributes: [ 'id', 'firstName', 'lastName', 'createdAt', 'updatedAt' ],
    attributes: [ 'id', 'firstName', 'lastName', 'createdAt', 'updatedAt' ],
    tableNames: [ 'Admins' ],
    type: 'SELECT',
    model: Admin
  }
]
