[2022-10-24T14:59:27.537] [INFO] db - [
  'Executing (default): SELECT 1+1 AS result',
  {
    plain: true,
    raw: true,
    logging: [Function: logging],
    showWarnings: false,
    type: 'SELECT'
  }
]
[2022-10-24T14:59:27.540] [INFO] db - [
  "Executing (default): SELECT TABLE_NAME FROM INFORMATION_SCHEMA.TABLES WHERE TABLE_TYPE = 'BASE TABLE' AND TABLE_NAME = 'system_users' AND TABLE_SCHEMA = 'koa-mysql'",
  {
    plain: false,
    raw: true,
    logging: [Function: logging],
    showWarnings: false,
    timestamps: true,
    validate: {},
    freezeTableName: false,
    underscored: true,
    paranoid: true,
    rejectOnEmpty: false,
    whereCollection: null,
    schema: null,
    schemaDelimiter: '',
    defaultScope: {},
    scopes: { hiddenAttr: [Object] },
    indexes: [],
    whereMergeStrategy: 'overwrite',
    name: { plural: 'system_users', singular: 'system_user' },
    omitNull: false,
    charset: 'utf8',
    dialectOptions: { collate: 'utf8_general_ci' },
    createdAt: 'create_time',
    updatedAt: 'update_time',
    deletedAt: 'delete_time',
    sequelize: Sequelize {
      options: [Object],
      config: [Object],
      dialect: [MysqlDialect],
      queryInterface: [MySQLQueryInterface],
      models: [Object],
      modelManager: [ModelManager],
      connectionManager: [ConnectionManager]
    },
    hooks: true,
    type: 'SHOWTABLES'
  }
]
[2022-10-24T14:59:27.570] [INFO] db - [
  "Executing (default): SELECT TABLE_NAME FROM INFORMATION_SCHEMA.TABLES WHERE TABLE_TYPE = 'BASE TABLE' AND TABLE_NAME = 'system_roles' AND TABLE_SCHEMA = 'koa-mysql'",
  {
    plain: false,
    raw: true,
    logging: [Function: logging],
    showWarnings: false,
    timestamps: true,
    validate: {},
    freezeTableName: false,
    underscored: true,
    paranoid: true,
    rejectOnEmpty: false,
    whereCollection: null,
    schema: null,
    schemaDelimiter: '',
    defaultScope: {},
    scopes: { hiddenAttr: [Object] },
    indexes: [],
    whereMergeStrategy: 'overwrite',
    name: { plural: 'system_roles', singular: 'system_role' },
    omitNull: false,
    charset: 'utf8',
    dialectOptions: { collate: 'utf8_general_ci' },
    createdAt: 'create_time',
    updatedAt: 'update_time',
    deletedAt: 'delete_time',
    sequelize: Sequelize {
      options: [Object],
      config: [Object],
      dialect: [MysqlDialect],
      queryInterface: [MySQLQueryInterface],
      models: [Object],
      modelManager: [ModelManager],
      connectionManager: [ConnectionManager]
    },
    hooks: true,
    type: 'SHOWTABLES'
  }
]
[2022-10-24T14:59:27.571] [INFO] db - [
  "Executing (default): SELECT TABLE_NAME FROM INFORMATION_SCHEMA.TABLES WHERE TABLE_TYPE = 'BASE TABLE' AND TABLE_NAME = 'system_user_roles' AND TABLE_SCHEMA = 'koa-mysql'",
  {
    plain: false,
    raw: true,
    logging: [Function: logging],
    showWarnings: false,
    timestamps: true,
    validate: {},
    freezeTableName: false,
    underscored: true,
    paranoid: true,
    rejectOnEmpty: false,
    whereCollection: null,
    schema: null,
    schemaDelimiter: '',
    defaultScope: {},
    scopes: { hiddenAttr: [Object] },
    indexes: [],
    whereMergeStrategy: 'overwrite',
    name: { plural: 'system_user_roles', singular: 'system_user_role' },
    omitNull: false,
    charset: 'utf8',
    dialectOptions: { collate: 'utf8_general_ci' },
    createdAt: 'create_time',
    updatedAt: 'update_time',
    deletedAt: 'delete_time',
    comment: '用户角色表',
    sequelize: Sequelize {
      options: [Object],
      config: [Object],
      dialect: [MysqlDialect],
      queryInterface: [MySQLQueryInterface],
      models: [Object],
      modelManager: [ModelManager],
      connectionManager: [ConnectionManager]
    },
    hooks: true,
    type: 'SHOWTABLES'
  }
]
[2022-10-24T14:59:27.573] [INFO] db - [
  "Executing (default): SELECT TABLE_NAME FROM INFORMATION_SCHEMA.TABLES WHERE TABLE_TYPE = 'BASE TABLE' AND TABLE_NAME = 'system_menus' AND TABLE_SCHEMA = 'koa-mysql'",
  {
    plain: false,
    raw: true,
    logging: [Function: logging],
    showWarnings: false,
    timestamps: true,
    validate: {},
    freezeTableName: false,
    underscored: true,
    paranoid: true,
    rejectOnEmpty: false,
    whereCollection: null,
    schema: null,
    schemaDelimiter: '',
    defaultScope: {},
    scopes: { hiddenAttr: [Object] },
    indexes: [],
    whereMergeStrategy: 'overwrite',
    name: { plural: 'system_menus', singular: 'system_menu' },
    omitNull: false,
    charset: 'utf8',
    dialectOptions: { collate: 'utf8_general_ci' },
    createdAt: 'create_time',
    updatedAt: 'update_time',
    deletedAt: 'delete_time',
    sequelize: Sequelize {
      options: [Object],
      config: [Object],
      dialect: [MysqlDialect],
      queryInterface: [MySQLQueryInterface],
      models: [Object],
      modelManager: [ModelManager],
      connectionManager: [ConnectionManager]
    },
    hooks: true,
    type: 'SHOWTABLES'
  }
]
[2022-10-24T14:59:27.575] [INFO] db - [
  "Executing (default): SELECT TABLE_NAME FROM INFORMATION_SCHEMA.TABLES WHERE TABLE_TYPE = 'BASE TABLE' AND TABLE_NAME = 'system_depts' AND TABLE_SCHEMA = 'koa-mysql'",
  {
    plain: false,
    raw: true,
    logging: [Function: logging],
    showWarnings: false,
    timestamps: true,
    validate: {},
    freezeTableName: false,
    underscored: true,
    paranoid: true,
    rejectOnEmpty: false,
    whereCollection: null,
    schema: null,
    schemaDelimiter: '',
    defaultScope: {},
    scopes: { hiddenAttr: [Object] },
    indexes: [],
    whereMergeStrategy: 'overwrite',
    name: { plural: 'system_depts', singular: 'system_dept' },
    omitNull: false,
    charset: 'utf8',
    dialectOptions: { collate: 'utf8_general_ci' },
    createdAt: 'create_time',
    updatedAt: 'update_time',
    deletedAt: 'delete_time',
    sequelize: Sequelize {
      options: [Object],
      config: [Object],
      dialect: [MysqlDialect],
      queryInterface: [MySQLQueryInterface],
      models: [Object],
      modelManager: [ModelManager],
      connectionManager: [ConnectionManager]
    },
    hooks: true,
    type: 'SHOWTABLES'
  }
]
[2022-10-24T14:59:27.605] [INFO] db - [
  "Executing (default): SELECT TABLE_NAME FROM INFORMATION_SCHEMA.TABLES WHERE TABLE_TYPE = 'BASE TABLE' AND TABLE_NAME = 'admins' AND TABLE_SCHEMA = 'koa-mysql'",
  {
    plain: false,
    raw: true,
    logging: [Function: logging],
    showWarnings: false,
    timestamps: true,
    validate: {},
    freezeTableName: false,
    underscored: true,
    paranoid: true,
    rejectOnEmpty: false,
    whereCollection: null,
    schema: null,
    schemaDelimiter: '',
    defaultScope: {},
    scopes: { hiddenAttr: [Object] },
    indexes: [],
    whereMergeStrategy: 'overwrite',
    name: { plural: 'Admins', singular: 'Admin' },
    omitNull: false,
    charset: 'utf8',
    dialectOptions: { collate: 'utf8_general_ci' },
    createdAt: 'create_time',
    updatedAt: 'update_time',
    deletedAt: 'delete_time',
    sequelize: Sequelize {
      options: [Object],
      config: [Object],
      dialect: [MysqlDialect],
      queryInterface: [MySQLQueryInterface],
      models: [Object],
      modelManager: [ModelManager],
      connectionManager: [ConnectionManager]
    },
    hooks: true,
    type: 'SHOWTABLES'
  }
]
[2022-10-24T14:59:27.608] [INFO] db - [
  'Executing (default): SHOW INDEX FROM `system_roles`',
  {
    plain: false,
    raw: true,
    logging: [Function: logging],
    showWarnings: false,
    timestamps: true,
    validate: {},
    freezeTableName: false,
    underscored: true,
    paranoid: true,
    rejectOnEmpty: false,
    whereCollection: null,
    schema: null,
    schemaDelimiter: '',
    defaultScope: {},
    scopes: { hiddenAttr: [Object] },
    indexes: [],
    whereMergeStrategy: 'overwrite',
    name: { plural: 'system_roles', singular: 'system_role' },
    omitNull: false,
    charset: 'utf8',
    dialectOptions: { collate: 'utf8_general_ci' },
    createdAt: 'create_time',
    updatedAt: 'update_time',
    deletedAt: 'delete_time',
    sequelize: Sequelize {
      options: [Object],
      config: [Object],
      dialect: [MysqlDialect],
      queryInterface: [MySQLQueryInterface],
      models: [Object],
      modelManager: [ModelManager],
      connectionManager: [ConnectionManager]
    },
    hooks: true,
    type: 'SHOWINDEXES'
  }
]
[2022-10-24T14:59:27.609] [INFO] db - [
  'Executing (default): SHOW INDEX FROM `system_depts`',
  {
    plain: false,
    raw: true,
    logging: [Function: logging],
    showWarnings: false,
    timestamps: true,
    validate: {},
    freezeTableName: false,
    underscored: true,
    paranoid: true,
    rejectOnEmpty: false,
    whereCollection: null,
    schema: null,
    schemaDelimiter: '',
    defaultScope: {},
    scopes: { hiddenAttr: [Object] },
    indexes: [],
    whereMergeStrategy: 'overwrite',
    name: { plural: 'system_depts', singular: 'system_dept' },
    omitNull: false,
    charset: 'utf8',
    dialectOptions: { collate: 'utf8_general_ci' },
    createdAt: 'create_time',
    updatedAt: 'update_time',
    deletedAt: 'delete_time',
    sequelize: Sequelize {
      options: [Object],
      config: [Object],
      dialect: [MysqlDialect],
      queryInterface: [MySQLQueryInterface],
      models: [Object],
      modelManager: [ModelManager],
      connectionManager: [ConnectionManager]
    },
    hooks: true,
    type: 'SHOWINDEXES'
  }
]
[2022-10-24T14:59:27.610] [INFO] db - [
  'Executing (default): SHOW INDEX FROM `system_user_roles`',
  {
    plain: false,
    raw: true,
    logging: [Function: logging],
    showWarnings: false,
    timestamps: true,
    validate: {},
    freezeTableName: false,
    underscored: true,
    paranoid: true,
    rejectOnEmpty: false,
    whereCollection: null,
    schema: null,
    schemaDelimiter: '',
    defaultScope: {},
    scopes: { hiddenAttr: [Object] },
    indexes: [],
    whereMergeStrategy: 'overwrite',
    name: { plural: 'system_user_roles', singular: 'system_user_role' },
    omitNull: false,
    charset: 'utf8',
    dialectOptions: { collate: 'utf8_general_ci' },
    createdAt: 'create_time',
    updatedAt: 'update_time',
    deletedAt: 'delete_time',
    comment: '用户角色表',
    sequelize: Sequelize {
      options: [Object],
      config: [Object],
      dialect: [MysqlDialect],
      queryInterface: [MySQLQueryInterface],
      models: [Object],
      modelManager: [ModelManager],
      connectionManager: [ConnectionManager]
    },
    hooks: true,
    type: 'SHOWINDEXES'
  }
]
[2022-10-24T14:59:27.612] [INFO] db - [
  'Executing (default): SHOW INDEX FROM `system_users`',
  {
    plain: false,
    raw: true,
    logging: [Function: logging],
    showWarnings: false,
    timestamps: true,
    validate: {},
    freezeTableName: false,
    underscored: true,
    paranoid: true,
    rejectOnEmpty: false,
    whereCollection: null,
    schema: null,
    schemaDelimiter: '',
    defaultScope: {},
    scopes: { hiddenAttr: [Object] },
    indexes: [],
    whereMergeStrategy: 'overwrite',
    name: { plural: 'system_users', singular: 'system_user' },
    omitNull: false,
    charset: 'utf8',
    dialectOptions: { collate: 'utf8_general_ci' },
    createdAt: 'create_time',
    updatedAt: 'update_time',
    deletedAt: 'delete_time',
    sequelize: Sequelize {
      options: [Object],
      config: [Object],
      dialect: [MysqlDialect],
      queryInterface: [MySQLQueryInterface],
      models: [Object],
      modelManager: [ModelManager],
      connectionManager: [ConnectionManager]
    },
    hooks: true,
    type: 'SHOWINDEXES'
  }
]
[2022-10-24T14:59:27.613] [INFO] db - [
  'Executing (default): SHOW INDEX FROM `system_menus`',
  {
    plain: false,
    raw: true,
    logging: [Function: logging],
    showWarnings: false,
    timestamps: true,
    validate: {},
    freezeTableName: false,
    underscored: true,
    paranoid: true,
    rejectOnEmpty: false,
    whereCollection: null,
    schema: null,
    schemaDelimiter: '',
    defaultScope: {},
    scopes: { hiddenAttr: [Object] },
    indexes: [],
    whereMergeStrategy: 'overwrite',
    name: { plural: 'system_menus', singular: 'system_menu' },
    omitNull: false,
    charset: 'utf8',
    dialectOptions: { collate: 'utf8_general_ci' },
    createdAt: 'create_time',
    updatedAt: 'update_time',
    deletedAt: 'delete_time',
    sequelize: Sequelize {
      options: [Object],
      config: [Object],
      dialect: [MysqlDialect],
      queryInterface: [MySQLQueryInterface],
      models: [Object],
      modelManager: [ModelManager],
      connectionManager: [ConnectionManager]
    },
    hooks: true,
    type: 'SHOWINDEXES'
  }
]
[2022-10-24T14:59:27.635] [INFO] db - [
  'Executing (default): SHOW INDEX FROM `admins`',
  {
    plain: false,
    raw: true,
    logging: [Function: logging],
    showWarnings: false,
    timestamps: true,
    validate: {},
    freezeTableName: false,
    underscored: true,
    paranoid: true,
    rejectOnEmpty: false,
    whereCollection: null,
    schema: null,
    schemaDelimiter: '',
    defaultScope: {},
    scopes: { hiddenAttr: [Object] },
    indexes: [],
    whereMergeStrategy: 'overwrite',
    name: { plural: 'Admins', singular: 'Admin' },
    omitNull: false,
    charset: 'utf8',
    dialectOptions: { collate: 'utf8_general_ci' },
    createdAt: 'create_time',
    updatedAt: 'update_time',
    deletedAt: 'delete_time',
    sequelize: Sequelize {
      options: [Object],
      config: [Object],
      dialect: [MysqlDialect],
      queryInterface: [MySQLQueryInterface],
      models: [Object],
      modelManager: [ModelManager],
      connectionManager: [ConnectionManager]
    },
    hooks: true,
    type: 'SHOWINDEXES'
  }
]
[2022-10-24T14:59:30.995] [INFO] db - [
  "Executing (default): SELECT `id` AS `userId`, `user_name` AS `userName`, `real_name` AS `realName`, `gender`, `avatar`, `mobile`, `email`, `dept_id` AS `deptId`, `org_id` AS `orgId`, `status`, `description`, `last_login_time` AS `lastLoginTime`, `create_time` AS `createTime`, `update_time` AS `updateTime` FROM `system_users` AS `system_user` WHERE (`system_user`.`delete_time` IS NULL AND (`system_user`.`password` = 'e10adc3949ba59abbe56e057f20f883e' AND `system_user`.`user_name` = 'xunxiao'));",
  {
    plain: true,
    raw: true,
    logging: [Function: logging],
    showWarnings: false,
    where: "(`system_user`.`delete_time` IS NULL AND (`system_user`.`password` = 'e10adc3949ba59abbe56e057f20f883e' AND `system_user`.`user_name` = 'xunxiao'))",
    attributes: [
      [Array],       [Array],
      [Array],       'gender',
      'avatar',      'mobile',
      'email',       [Array],
      [Array],       'status',
      'description', [Array],
      [Array],       [Array]
    ],
    hooks: true,
    rejectOnEmpty: false,
    originalAttributes: [
      'userId',      'userName',
      'realName',    'gender',
      'avatar',      'mobile',
      'email',       'deptId',
      'orgId',       'status',
      'description', 'lastLoginTime',
      'createTime',  'updateTime'
    ],
    tableNames: [ 'system_users' ],
    type: 'SELECT',
    model: system_user
  }
]
[2022-10-24T14:59:31.011] [INFO] db - [
  'Executing (default): UPDATE `system_users` SET `id`=?,`last_login_time`=?,`update_time`=? WHERE (`delete_time` IS NULL AND `id` = ?)',
  {
    plain: false,
    raw: true,
    logging: [Function: logging],
    showWarnings: false,
    where: { [Symbol(and)]: [Array] },
    validate: true,
    hooks: true,
    individualHooks: false,
    returning: false,
    force: false,
    sideEffects: true,
    type: 'BULKUPDATE',
    fields: [ 'userId', 'lastLoginTime', 'update_time' ],
    model: system_user,
    skip: undefined,
    hasTrigger: undefined,
    dialect: 'mysql',
    dialectModule: null,
    dialectModulePath: null,
    host: 'localhost',
    protocol: 'tcp',
    define: {
      charset: 'utf8',
      dialectOptions: [Object],
      timestamps: true,
      paranoid: true,
      createdAt: 'create_time',
      updatedAt: 'update_time',
      deletedAt: 'delete_time',
      underscored: true,
      scopes: [Object]
    },
    query: { raw: true },
    sync: {},
    timezone: '+08:00',
    standardConformingStrings: true,
    omitNull: false,
    native: false,
    replication: false,
    ssl: undefined,
    pool: { max: 5, min: 0, idle: 30000 },
    quoteIdentifiers: true,
    retry: { max: 5, match: [Array] },
    transactionType: 'DEFERRED',
    isolationLevel: null,
    databaseVersion: '8.0.29',
    typeValidation: false,
    benchmark: false,
    minifyAliases: false,
    logQueryParameters: false,
    operatorAliases: false,
    dialectOptions: { dateStrings: true, typeCast: true },
    models: [
      'D:\\Job\\YHKJ\\me\\code\\node-koa2-mysql-server\\,model\\**\\*.js'
    ],
    allowNull: [],
    bind: [ 1, '2022-10-24 14:59:31', '2022-10-24 14:59:31', 1 ]
  }
]
[2022-10-24T14:59:31.607] [INFO] db - [
  'Executing (default): SELECT `id` AS `menuId`, `menu_name` AS `menuName`, `parent_id` AS `parentId`, `path`, `component`, `perms`, `type`, `order_num` AS `orderNum`, `icon`, `create_time` AS `createTime`, `update_time` AS `updateTime` FROM `system_menus` AS `system_menu` WHERE (`system_menu`.`delete_time` IS NULL);',
  {
    plain: false,
    raw: true,
    logging: [Function: logging],
    showWarnings: false,
    hooks: true,
    rejectOnEmpty: false,
    attributes: [
      [Array],     [Array],
      [Array],     'path',
      'component', 'perms',
      'type',      [Array],
      'icon',      [Array],
      [Array]
    ],
    originalAttributes: [
      'menuId',     'menuName',
      'parentId',   'path',
      'component',  'perms',
      'type',       'orderNum',
      'icon',       'createTime',
      'updateTime'
    ],
    where: '(`system_menu`.`delete_time` IS NULL)',
    tableNames: [ 'system_menus' ],
    type: 'SELECT',
    model: system_menu
  }
]
[2022-10-24T14:59:35.244] [INFO] db - [
  'Executing (default): SELECT `id` AS `menuId`, `menu_name` AS `menuName`, `parent_id` AS `parentId`, `path`, `component`, `perms`, `type`, `order_num` AS `orderNum`, `icon`, `create_time` AS `createTime`, `update_time` AS `updateTime` FROM `system_menus` AS `system_menu` WHERE (`system_menu`.`delete_time` IS NULL);',
  {
    plain: false,
    raw: true,
    logging: [Function: logging],
    showWarnings: false,
    hooks: true,
    rejectOnEmpty: false,
    attributes: [
      [Array],     [Array],
      [Array],     'path',
      'component', 'perms',
      'type',      [Array],
      'icon',      [Array],
      [Array]
    ],
    originalAttributes: [
      'menuId',     'menuName',
      'parentId',   'path',
      'component',  'perms',
      'type',       'orderNum',
      'icon',       'createTime',
      'updateTime'
    ],
    where: '(`system_menu`.`delete_time` IS NULL)',
    tableNames: [ 'system_menus' ],
    type: 'SELECT',
    model: system_menu
  }
]
[2022-10-24T14:59:38.002] [INFO] db - [
  'Executing (default): SELECT `id` AS `deptId`, `dept_name` AS `deptName`, `parent_id` AS `parentId`, `order_num` AS `orderNum`, `create_time` AS `createTime`, `update_time` AS `updateTime` FROM `system_depts` AS `system_dept` WHERE (`system_dept`.`delete_time` IS NULL);',
  {
    plain: false,
    raw: true,
    logging: [Function: logging],
    showWarnings: false,
    hooks: true,
    rejectOnEmpty: false,
    attributes: [ [Array], [Array], [Array], [Array], [Array], [Array] ],
    originalAttributes: [
      'deptId',
      'deptName',
      'parentId',
      'orderNum',
      'createTime',
      'updateTime'
    ],
    where: '(`system_dept`.`delete_time` IS NULL)',
    tableNames: [ 'system_depts' ],
    type: 'SELECT',
    model: system_dept
  }
]
[2022-10-24T14:59:38.004] [INFO] db - [
  'Executing (default): SELECT `id` AS `roleId`, `role_name` AS `roleName`, `remark`, `menu_ids` AS `menuIds`, `create_time` AS `createTime`, `update_time` AS `updateTime` FROM `system_roles` AS `system_role` WHERE (`system_role`.`delete_time` IS NULL);',
  {
    plain: false,
    raw: true,
    logging: [Function: logging],
    showWarnings: false,
    hooks: true,
    rejectOnEmpty: false,
    attributes: [ [Array], [Array], 'remark', [Array], [Array], [Array] ],
    originalAttributes: [
      'roleId',
      'roleName',
      'remark',
      'menuIds',
      'createTime',
      'updateTime'
    ],
    where: '(`system_role`.`delete_time` IS NULL)',
    tableNames: [ 'system_roles' ],
    type: 'SELECT',
    model: system_role
  }
]
[2022-10-24T14:59:38.013] [INFO] db - [
  'Executing (default): SELECT count(`system_user`.`id`) AS `count` FROM `system_users` AS `system_user` LEFT OUTER JOIN ( `system_user_roles` AS `system_roles->system_user_role` INNER JOIN `system_roles` AS `system_roles` ON `system_roles`.`id` = `system_roles->system_user_role`.`user_id` AND (`system_roles->system_user_role`.`delete_time` IS NULL)) ON `system_user`.`id` = `system_roles->system_user_role`.`role_id ` AND (`system_roles`.`delete_time` IS NULL) WHERE (`system_user`.`delete_time` IS NULL);',
  {
    plain: true,
    raw: true,
    logging: [Function: logging],
    showWarnings: false,
    include: [ [Object] ],
    limit: null,
    offset: null,
    attributes: [ [Array] ],
    hooks: true,
    dataType: INTEGER {
      options: {},
      _length: undefined,
      _zerofill: undefined,
      _decimals: undefined,
      _precision: undefined,
      _scale: undefined,
      _unsigned: undefined
    },
    includeIgnoreAttributes: false,
    order: null,
    model: system_user,
    includeNames: [ 'system_roles' ],
    includeMap: { system_roles: [Object] },
    hasSingleAssociation: true,
    hasMultiAssociation: true,
    topModel: system_user,
    topLimit: null,
    hasDuplicating: true,
    hasRequired: false,
    hasWhere: false,
    hasIncludeWhere: false,
    hasIncludeRequired: false,
    subQuery: false,
    where: '(`system_user`.`delete_time` IS NULL)',
    type: 'SELECT',
    keysEscaped: true
  }
]
[2022-10-24T14:59:38.015] [INFO] db - [
  'Executing (default): SELECT `system_user`.*, `system_roles`.`id` AS `system_roles.roleId`, `system_roles`.`role_name` AS `system_roles.roleName`, `system_roles`.`remark` AS `system_roles.remark`, `system_roles`.`menu_ids` AS `system_roles.menuIds`, `system_roles`.`create_time` AS `system_roles.createTime`, `system_roles`.`update_time` AS `system_roles.updateTime`, `system_roles`.`create_time` AS `system_roles.create_time`, `system_roles`.`update_time` AS `system_roles.update_time`, `system_roles`.`delete_time` AS `system_roles.delete_time`, `system_roles->system_user_role`.`user_id` AS `system_roles.system_user_role.userId`, `system_roles->system_user_role`.`role_id` AS `system_roles.system_user_role.roleId`, `system_roles->system_user_role`.`create_time` AS `system_roles.system_user_role.createTime`, `system_roles->system_user_role`.`update_time` AS `system_roles.system_user_role.updateTime`, `system_roles->system_user_role`.`create_time` AS `system_roles.system_user_role.create_time`, `system_roles->system_user_role`.`update_time` AS `system_roles.system_user_role.update_time`, `system_roles->system_user_role`.`delete_time` AS `system_roles.system_user_role.delete_time` FROM (SELECT `system_user`.`id` AS `userId`, `system_user`.`user_name` AS `userName`, `system_user`.`real_name` AS `realName`, `system_user`.`gender`, `system_user`.`avatar`, `system_user`.`mobile`, `system_user`.`email`, `system_user`.`dept_id` AS `deptId`, `system_user`.`org_id` AS `orgId`, `system_user`.`status`, `system_user`.`description`, `system_user`.`last_login_time` AS `lastLoginTime`, `system_user`.`create_time` AS `createTime`, `system_user`.`update_time` AS `updateTime` FROM `system_users` AS `system_user` WHERE (`system_user`.`delete_time` IS NULL) LIMIT 0, 10) AS `system_user` LEFT OUTER JOIN ( `system_user_roles` AS `system_roles->system_user_role` INNER JOIN `system_roles` AS `system_roles` ON `system_roles`.`id` = `system_roles->system_user_role`.`user_id` AND (`system_roles->system_user_role`.`delete_time` IS NULL)) ON `system_user`.`userId` = `system_roles->system_user_role`.`role_id ` AND (`system_roles`.`delete_time` IS NULL);',
  {
    plain: false,
    raw: true,
    logging: [Function: logging],
    showWarnings: false,
    include: [ [Object] ],
    limit: 10,
    offset: 0,
    attributes: [
      [Array],       [Array],
      [Array],       'gender',
      'avatar',      'mobile',
      'email',       [Array],
      [Array],       'status',
      'description', [Array],
      [Array],       [Array]
    ],
    hooks: true,
    rejectOnEmpty: false,
    originalAttributes: [
      'userId',      'userName',
      'realName',    'gender',
      'avatar',      'mobile',
      'email',       'deptId',
      'orgId',       'status',
      'description', 'lastLoginTime',
      'createTime',  'updateTime'
    ],
    hasJoin: true,
    model: system_user,
    includeNames: [ 'system_roles' ],
    includeMap: { system_roles: [Object] },
    hasSingleAssociation: true,
    hasMultiAssociation: true,
    topModel: system_user,
    topLimit: 10,
    hasDuplicating: true,
    hasRequired: false,
    hasWhere: false,
    subQuery: true,
    hasIncludeWhere: false,
    hasIncludeRequired: false,
    where: '(`system_user`.`delete_time` IS NULL)',
    tableNames: [
      'system_users',
      'system_roles',
      'undefined',
      'system_user_roles'
    ],
    type: 'SELECT',
    keysEscaped: true
  }
]
[2022-10-24T15:00:33.577] [INFO] db - [
  'Executing (default): SELECT `id` AS `deptId`, `dept_name` AS `deptName`, `parent_id` AS `parentId`, `order_num` AS `orderNum`, `create_time` AS `createTime`, `update_time` AS `updateTime` FROM `system_depts` AS `system_dept` WHERE (`system_dept`.`delete_time` IS NULL);',
  {
    plain: false,
    raw: true,
    logging: [Function: logging],
    showWarnings: false,
    hooks: true,
    rejectOnEmpty: false,
    attributes: [ [Array], [Array], [Array], [Array], [Array], [Array] ],
    originalAttributes: [
      'deptId',
      'deptName',
      'parentId',
      'orderNum',
      'createTime',
      'updateTime'
    ],
    where: '(`system_dept`.`delete_time` IS NULL)',
    tableNames: [ 'system_depts' ],
    type: 'SELECT',
    model: system_dept
  }
]
[2022-10-24T15:00:33.580] [INFO] db - [
  'Executing (default): SELECT `id` AS `roleId`, `role_name` AS `roleName`, `remark`, `menu_ids` AS `menuIds`, `create_time` AS `createTime`, `update_time` AS `updateTime` FROM `system_roles` AS `system_role` WHERE (`system_role`.`delete_time` IS NULL);',
  {
    plain: false,
    raw: true,
    logging: [Function: logging],
    showWarnings: false,
    hooks: true,
    rejectOnEmpty: false,
    attributes: [ [Array], [Array], 'remark', [Array], [Array], [Array] ],
    originalAttributes: [
      'roleId',
      'roleName',
      'remark',
      'menuIds',
      'createTime',
      'updateTime'
    ],
    where: '(`system_role`.`delete_time` IS NULL)',
    tableNames: [ 'system_roles' ],
    type: 'SELECT',
    model: system_role
  }
]
[2022-10-24T15:00:33.585] [INFO] db - [
  'Executing (default): SELECT count(`system_user`.`id`) AS `count` FROM `system_users` AS `system_user` LEFT OUTER JOIN ( `system_user_roles` AS `system_roles->system_user_role` INNER JOIN `system_roles` AS `system_roles` ON `system_roles`.`id` = `system_roles->system_user_role`.`user_id` AND (`system_roles->system_user_role`.`delete_time` IS NULL)) ON `system_user`.`id` = `system_roles->system_user_role`.`role_id ` AND (`system_roles`.`delete_time` IS NULL) WHERE (`system_user`.`delete_time` IS NULL);',
  {
    plain: true,
    raw: true,
    logging: [Function: logging],
    showWarnings: false,
    include: [ [Object] ],
    limit: null,
    offset: null,
    attributes: [ [Array] ],
    hooks: true,
    dataType: INTEGER {
      options: {},
      _length: undefined,
      _zerofill: undefined,
      _decimals: undefined,
      _precision: undefined,
      _scale: undefined,
      _unsigned: undefined
    },
    includeIgnoreAttributes: false,
    order: null,
    model: system_user,
    includeNames: [ 'system_roles' ],
    includeMap: { system_roles: [Object] },
    hasSingleAssociation: true,
    hasMultiAssociation: true,
    topModel: system_user,
    topLimit: null,
    hasDuplicating: true,
    hasRequired: false,
    hasWhere: false,
    hasIncludeWhere: false,
    hasIncludeRequired: false,
    subQuery: false,
    where: '(`system_user`.`delete_time` IS NULL)',
    type: 'SELECT',
    keysEscaped: true
  }
]
[2022-10-24T15:00:33.590] [INFO] db - [
  'Executing (default): SELECT `system_user`.*, `system_roles`.`id` AS `system_roles.roleId`, `system_roles`.`role_name` AS `system_roles.roleName`, `system_roles`.`remark` AS `system_roles.remark`, `system_roles`.`menu_ids` AS `system_roles.menuIds`, `system_roles`.`create_time` AS `system_roles.createTime`, `system_roles`.`update_time` AS `system_roles.updateTime`, `system_roles`.`create_time` AS `system_roles.create_time`, `system_roles`.`update_time` AS `system_roles.update_time`, `system_roles`.`delete_time` AS `system_roles.delete_time`, `system_roles->system_user_role`.`user_id` AS `system_roles.system_user_role.userId`, `system_roles->system_user_role`.`role_id` AS `system_roles.system_user_role.roleId`, `system_roles->system_user_role`.`create_time` AS `system_roles.system_user_role.createTime`, `system_roles->system_user_role`.`update_time` AS `system_roles.system_user_role.updateTime`, `system_roles->system_user_role`.`create_time` AS `system_roles.system_user_role.create_time`, `system_roles->system_user_role`.`update_time` AS `system_roles.system_user_role.update_time`, `system_roles->system_user_role`.`delete_time` AS `system_roles.system_user_role.delete_time` FROM (SELECT `system_user`.`id` AS `userId`, `system_user`.`user_name` AS `userName`, `system_user`.`real_name` AS `realName`, `system_user`.`gender`, `system_user`.`avatar`, `system_user`.`mobile`, `system_user`.`email`, `system_user`.`dept_id` AS `deptId`, `system_user`.`org_id` AS `orgId`, `system_user`.`status`, `system_user`.`description`, `system_user`.`last_login_time` AS `lastLoginTime`, `system_user`.`create_time` AS `createTime`, `system_user`.`update_time` AS `updateTime` FROM `system_users` AS `system_user` WHERE (`system_user`.`delete_time` IS NULL) LIMIT 0, 10) AS `system_user` LEFT OUTER JOIN ( `system_user_roles` AS `system_roles->system_user_role` INNER JOIN `system_roles` AS `system_roles` ON `system_roles`.`id` = `system_roles->system_user_role`.`user_id` AND (`system_roles->system_user_role`.`delete_time` IS NULL)) ON `system_user`.`userId` = `system_roles->system_user_role`.`role_id ` AND (`system_roles`.`delete_time` IS NULL);',
  {
    plain: false,
    raw: true,
    logging: [Function: logging],
    showWarnings: false,
    include: [ [Object] ],
    limit: 10,
    offset: 0,
    attributes: [
      [Array],       [Array],
      [Array],       'gender',
      'avatar',      'mobile',
      'email',       [Array],
      [Array],       'status',
      'description', [Array],
      [Array],       [Array]
    ],
    hooks: true,
    rejectOnEmpty: false,
    originalAttributes: [
      'userId',      'userName',
      'realName',    'gender',
      'avatar',      'mobile',
      'email',       'deptId',
      'orgId',       'status',
      'description', 'lastLoginTime',
      'createTime',  'updateTime'
    ],
    hasJoin: true,
    model: system_user,
    includeNames: [ 'system_roles' ],
    includeMap: { system_roles: [Object] },
    hasSingleAssociation: true,
    hasMultiAssociation: true,
    topModel: system_user,
    topLimit: 10,
    hasDuplicating: true,
    hasRequired: false,
    hasWhere: false,
    subQuery: true,
    hasIncludeWhere: false,
    hasIncludeRequired: false,
    where: '(`system_user`.`delete_time` IS NULL)',
    tableNames: [
      'system_users',
      'system_roles',
      'undefined',
      'system_user_roles'
    ],
    type: 'SELECT',
    keysEscaped: true
  }
]
[2022-10-24T15:01:25.193] [INFO] db - [
  'Executing (default): SELECT `id` AS `deptId`, `dept_name` AS `deptName`, `parent_id` AS `parentId`, `order_num` AS `orderNum`, `create_time` AS `createTime`, `update_time` AS `updateTime` FROM `system_depts` AS `system_dept` WHERE (`system_dept`.`delete_time` IS NULL);',
  {
    plain: false,
    raw: true,
    logging: [Function: logging],
    showWarnings: false,
    hooks: true,
    rejectOnEmpty: false,
    attributes: [ [Array], [Array], [Array], [Array], [Array], [Array] ],
    originalAttributes: [
      'deptId',
      'deptName',
      'parentId',
      'orderNum',
      'createTime',
      'updateTime'
    ],
    where: '(`system_dept`.`delete_time` IS NULL)',
    tableNames: [ 'system_depts' ],
    type: 'SELECT',
    model: system_dept
  }
]
[2022-10-24T15:01:25.194] [INFO] db - [
  'Executing (default): SELECT `id` AS `roleId`, `role_name` AS `roleName`, `remark`, `menu_ids` AS `menuIds`, `create_time` AS `createTime`, `update_time` AS `updateTime` FROM `system_roles` AS `system_role` WHERE (`system_role`.`delete_time` IS NULL);',
  {
    plain: false,
    raw: true,
    logging: [Function: logging],
    showWarnings: false,
    hooks: true,
    rejectOnEmpty: false,
    attributes: [ [Array], [Array], 'remark', [Array], [Array], [Array] ],
    originalAttributes: [
      'roleId',
      'roleName',
      'remark',
      'menuIds',
      'createTime',
      'updateTime'
    ],
    where: '(`system_role`.`delete_time` IS NULL)',
    tableNames: [ 'system_roles' ],
    type: 'SELECT',
    model: system_role
  }
]
[2022-10-24T15:01:25.195] [INFO] db - [
  'Executing (default): SELECT count(`system_user`.`id`) AS `count` FROM `system_users` AS `system_user` LEFT OUTER JOIN ( `system_user_roles` AS `system_roles->system_user_role` INNER JOIN `system_roles` AS `system_roles` ON `system_roles`.`id` = `system_roles->system_user_role`.`user_id` AND (`system_roles->system_user_role`.`delete_time` IS NULL)) ON `system_user`.`id` = `system_roles->system_user_role`.`role_id ` AND (`system_roles`.`delete_time` IS NULL) WHERE (`system_user`.`delete_time` IS NULL);',
  {
    plain: true,
    raw: true,
    logging: [Function: logging],
    showWarnings: false,
    include: [ [Object] ],
    limit: null,
    offset: null,
    attributes: [ [Array] ],
    hooks: true,
    dataType: INTEGER {
      options: {},
      _length: undefined,
      _zerofill: undefined,
      _decimals: undefined,
      _precision: undefined,
      _scale: undefined,
      _unsigned: undefined
    },
    includeIgnoreAttributes: false,
    order: null,
    model: system_user,
    includeNames: [ 'system_roles' ],
    includeMap: { system_roles: [Object] },
    hasSingleAssociation: true,
    hasMultiAssociation: true,
    topModel: system_user,
    topLimit: null,
    hasDuplicating: true,
    hasRequired: false,
    hasWhere: false,
    hasIncludeWhere: false,
    hasIncludeRequired: false,
    subQuery: false,
    where: '(`system_user`.`delete_time` IS NULL)',
    type: 'SELECT',
    keysEscaped: true
  }
]
[2022-10-24T15:01:25.196] [INFO] db - [
  'Executing (default): SELECT `system_user`.*, `system_roles`.`id` AS `system_roles.roleId`, `system_roles`.`role_name` AS `system_roles.roleName`, `system_roles`.`remark` AS `system_roles.remark`, `system_roles`.`menu_ids` AS `system_roles.menuIds`, `system_roles`.`create_time` AS `system_roles.createTime`, `system_roles`.`update_time` AS `system_roles.updateTime`, `system_roles`.`create_time` AS `system_roles.create_time`, `system_roles`.`update_time` AS `system_roles.update_time`, `system_roles`.`delete_time` AS `system_roles.delete_time`, `system_roles->system_user_role`.`user_id` AS `system_roles.system_user_role.userId`, `system_roles->system_user_role`.`role_id` AS `system_roles.system_user_role.roleId`, `system_roles->system_user_role`.`create_time` AS `system_roles.system_user_role.createTime`, `system_roles->system_user_role`.`update_time` AS `system_roles.system_user_role.updateTime`, `system_roles->system_user_role`.`create_time` AS `system_roles.system_user_role.create_time`, `system_roles->system_user_role`.`update_time` AS `system_roles.system_user_role.update_time`, `system_roles->system_user_role`.`delete_time` AS `system_roles.system_user_role.delete_time` FROM (SELECT `system_user`.`id` AS `userId`, `system_user`.`user_name` AS `userName`, `system_user`.`real_name` AS `realName`, `system_user`.`gender`, `system_user`.`avatar`, `system_user`.`mobile`, `system_user`.`email`, `system_user`.`dept_id` AS `deptId`, `system_user`.`org_id` AS `orgId`, `system_user`.`status`, `system_user`.`description`, `system_user`.`last_login_time` AS `lastLoginTime`, `system_user`.`create_time` AS `createTime`, `system_user`.`update_time` AS `updateTime` FROM `system_users` AS `system_user` WHERE (`system_user`.`delete_time` IS NULL) LIMIT 0, 10) AS `system_user` LEFT OUTER JOIN ( `system_user_roles` AS `system_roles->system_user_role` INNER JOIN `system_roles` AS `system_roles` ON `system_roles`.`id` = `system_roles->system_user_role`.`user_id` AND (`system_roles->system_user_role`.`delete_time` IS NULL)) ON `system_user`.`userId` = `system_roles->system_user_role`.`role_id ` AND (`system_roles`.`delete_time` IS NULL);',
  {
    plain: false,
    raw: true,
    logging: [Function: logging],
    showWarnings: false,
    include: [ [Object] ],
    limit: 10,
    offset: 0,
    attributes: [
      [Array],       [Array],
      [Array],       'gender',
      'avatar',      'mobile',
      'email',       [Array],
      [Array],       'status',
      'description', [Array],
      [Array],       [Array]
    ],
    hooks: true,
    rejectOnEmpty: false,
    originalAttributes: [
      'userId',      'userName',
      'realName',    'gender',
      'avatar',      'mobile',
      'email',       'deptId',
      'orgId',       'status',
      'description', 'lastLoginTime',
      'createTime',  'updateTime'
    ],
    hasJoin: true,
    model: system_user,
    includeNames: [ 'system_roles' ],
    includeMap: { system_roles: [Object] },
    hasSingleAssociation: true,
    hasMultiAssociation: true,
    topModel: system_user,
    topLimit: 10,
    hasDuplicating: true,
    hasRequired: false,
    hasWhere: false,
    subQuery: true,
    hasIncludeWhere: false,
    hasIncludeRequired: false,
    where: '(`system_user`.`delete_time` IS NULL)',
    tableNames: [
      'system_users',
      'system_roles',
      'undefined',
      'system_user_roles'
    ],
    type: 'SELECT',
    keysEscaped: true
  }
]
[2022-10-24T15:01:36.777] [INFO] db - [
  'Executing (default): SELECT `id` AS `deptId`, `dept_name` AS `deptName`, `parent_id` AS `parentId`, `order_num` AS `orderNum`, `create_time` AS `createTime`, `update_time` AS `updateTime` FROM `system_depts` AS `system_dept` WHERE (`system_dept`.`delete_time` IS NULL);',
  {
    plain: false,
    raw: true,
    logging: [Function: logging],
    showWarnings: false,
    hooks: true,
    rejectOnEmpty: false,
    attributes: [ [Array], [Array], [Array], [Array], [Array], [Array] ],
    originalAttributes: [
      'deptId',
      'deptName',
      'parentId',
      'orderNum',
      'createTime',
      'updateTime'
    ],
    where: '(`system_dept`.`delete_time` IS NULL)',
    tableNames: [ 'system_depts' ],
    type: 'SELECT',
    model: system_dept
  }
]
[2022-10-24T15:01:36.778] [INFO] db - [
  'Executing (default): SELECT `id` AS `roleId`, `role_name` AS `roleName`, `remark`, `menu_ids` AS `menuIds`, `create_time` AS `createTime`, `update_time` AS `updateTime` FROM `system_roles` AS `system_role` WHERE (`system_role`.`delete_time` IS NULL);',
  {
    plain: false,
    raw: true,
    logging: [Function: logging],
    showWarnings: false,
    hooks: true,
    rejectOnEmpty: false,
    attributes: [ [Array], [Array], 'remark', [Array], [Array], [Array] ],
    originalAttributes: [
      'roleId',
      'roleName',
      'remark',
      'menuIds',
      'createTime',
      'updateTime'
    ],
    where: '(`system_role`.`delete_time` IS NULL)',
    tableNames: [ 'system_roles' ],
    type: 'SELECT',
    model: system_role
  }
]
[2022-10-24T15:01:36.783] [INFO] db - [
  'Executing (default): SELECT count(`system_user`.`id`) AS `count` FROM `system_users` AS `system_user` LEFT OUTER JOIN ( `system_user_roles` AS `system_roles->system_user_role` INNER JOIN `system_roles` AS `system_roles` ON `system_roles`.`id` = `system_roles->system_user_role`.`user_id` AND (`system_roles->system_user_role`.`delete_time` IS NULL)) ON `system_user`.`id` = `system_roles->system_user_role`.`role_id ` AND (`system_roles`.`delete_time` IS NULL) WHERE (`system_user`.`delete_time` IS NULL);',
  {
    plain: true,
    raw: true,
    logging: [Function: logging],
    showWarnings: false,
    include: [ [Object] ],
    limit: null,
    offset: null,
    attributes: [ [Array] ],
    hooks: true,
    dataType: INTEGER {
      options: {},
      _length: undefined,
      _zerofill: undefined,
      _decimals: undefined,
      _precision: undefined,
      _scale: undefined,
      _unsigned: undefined
    },
    includeIgnoreAttributes: false,
    order: null,
    model: system_user,
    includeNames: [ 'system_roles' ],
    includeMap: { system_roles: [Object] },
    hasSingleAssociation: true,
    hasMultiAssociation: true,
    topModel: system_user,
    topLimit: null,
    hasDuplicating: true,
    hasRequired: false,
    hasWhere: false,
    hasIncludeWhere: false,
    hasIncludeRequired: false,
    subQuery: false,
    where: '(`system_user`.`delete_time` IS NULL)',
    type: 'SELECT',
    keysEscaped: true
  }
]
[2022-10-24T15:01:36.784] [INFO] db - [
  'Executing (default): SELECT `system_user`.*, `system_roles`.`id` AS `system_roles.roleId`, `system_roles`.`role_name` AS `system_roles.roleName`, `system_roles`.`remark` AS `system_roles.remark`, `system_roles`.`menu_ids` AS `system_roles.menuIds`, `system_roles`.`create_time` AS `system_roles.createTime`, `system_roles`.`update_time` AS `system_roles.updateTime`, `system_roles`.`create_time` AS `system_roles.create_time`, `system_roles`.`update_time` AS `system_roles.update_time`, `system_roles`.`delete_time` AS `system_roles.delete_time`, `system_roles->system_user_role`.`user_id` AS `system_roles.system_user_role.userId`, `system_roles->system_user_role`.`role_id` AS `system_roles.system_user_role.roleId`, `system_roles->system_user_role`.`create_time` AS `system_roles.system_user_role.createTime`, `system_roles->system_user_role`.`update_time` AS `system_roles.system_user_role.updateTime`, `system_roles->system_user_role`.`create_time` AS `system_roles.system_user_role.create_time`, `system_roles->system_user_role`.`update_time` AS `system_roles.system_user_role.update_time`, `system_roles->system_user_role`.`delete_time` AS `system_roles.system_user_role.delete_time` FROM (SELECT `system_user`.`id` AS `userId`, `system_user`.`user_name` AS `userName`, `system_user`.`real_name` AS `realName`, `system_user`.`gender`, `system_user`.`avatar`, `system_user`.`mobile`, `system_user`.`email`, `system_user`.`dept_id` AS `deptId`, `system_user`.`org_id` AS `orgId`, `system_user`.`status`, `system_user`.`description`, `system_user`.`last_login_time` AS `lastLoginTime`, `system_user`.`create_time` AS `createTime`, `system_user`.`update_time` AS `updateTime` FROM `system_users` AS `system_user` WHERE (`system_user`.`delete_time` IS NULL) LIMIT 0, 10) AS `system_user` LEFT OUTER JOIN ( `system_user_roles` AS `system_roles->system_user_role` INNER JOIN `system_roles` AS `system_roles` ON `system_roles`.`id` = `system_roles->system_user_role`.`user_id` AND (`system_roles->system_user_role`.`delete_time` IS NULL)) ON `system_user`.`userId` = `system_roles->system_user_role`.`role_id ` AND (`system_roles`.`delete_time` IS NULL);',
  {
    plain: false,
    raw: true,
    logging: [Function: logging],
    showWarnings: false,
    include: [ [Object] ],
    limit: 10,
    offset: 0,
    attributes: [
      [Array],       [Array],
      [Array],       'gender',
      'avatar',      'mobile',
      'email',       [Array],
      [Array],       'status',
      'description', [Array],
      [Array],       [Array]
    ],
    hooks: true,
    rejectOnEmpty: false,
    originalAttributes: [
      'userId',      'userName',
      'realName',    'gender',
      'avatar',      'mobile',
      'email',       'deptId',
      'orgId',       'status',
      'description', 'lastLoginTime',
      'createTime',  'updateTime'
    ],
    hasJoin: true,
    model: system_user,
    includeNames: [ 'system_roles' ],
    includeMap: { system_roles: [Object] },
    hasSingleAssociation: true,
    hasMultiAssociation: true,
    topModel: system_user,
    topLimit: 10,
    hasDuplicating: true,
    hasRequired: false,
    hasWhere: false,
    subQuery: true,
    hasIncludeWhere: false,
    hasIncludeRequired: false,
    where: '(`system_user`.`delete_time` IS NULL)',
    tableNames: [
      'system_users',
      'system_roles',
      'undefined',
      'system_user_roles'
    ],
    type: 'SELECT',
    keysEscaped: true
  }
]
[2022-10-24T15:01:39.341] [INFO] db - [
  'Executing (default): SELECT `id` AS `menuId`, `menu_name` AS `menuName`, `parent_id` AS `parentId`, `path`, `component`, `perms`, `type`, `order_num` AS `orderNum`, `icon`, `create_time` AS `createTime`, `update_time` AS `updateTime` FROM `system_menus` AS `system_menu` WHERE (`system_menu`.`delete_time` IS NULL);',
  {
    plain: false,
    raw: true,
    logging: [Function: logging],
    showWarnings: false,
    hooks: true,
    rejectOnEmpty: false,
    attributes: [
      [Array],     [Array],
      [Array],     'path',
      'component', 'perms',
      'type',      [Array],
      'icon',      [Array],
      [Array]
    ],
    originalAttributes: [
      'menuId',     'menuName',
      'parentId',   'path',
      'component',  'perms',
      'type',       'orderNum',
      'icon',       'createTime',
      'updateTime'
    ],
    where: '(`system_menu`.`delete_time` IS NULL)',
    tableNames: [ 'system_menus' ],
    type: 'SELECT',
    model: system_menu
  }
]
[2022-10-24T15:02:17.706] [INFO] db - [
  'Executing (default): SELECT `id` AS `menuId`, `menu_name` AS `menuName`, `parent_id` AS `parentId`, `path`, `component`, `perms`, `type`, `order_num` AS `orderNum`, `icon`, `create_time` AS `createTime`, `update_time` AS `updateTime` FROM `system_menus` AS `system_menu` WHERE (`system_menu`.`delete_time` IS NULL);',
  {
    plain: false,
    raw: true,
    logging: [Function: logging],
    showWarnings: false,
    hooks: true,
    rejectOnEmpty: false,
    attributes: [
      [Array],     [Array],
      [Array],     'path',
      'component', 'perms',
      'type',      [Array],
      'icon',      [Array],
      [Array]
    ],
    originalAttributes: [
      'menuId',     'menuName',
      'parentId',   'path',
      'component',  'perms',
      'type',       'orderNum',
      'icon',       'createTime',
      'updateTime'
    ],
    where: '(`system_menu`.`delete_time` IS NULL)',
    tableNames: [ 'system_menus' ],
    type: 'SELECT',
    model: system_menu
  }
]
[2022-10-24T15:02:35.990] [INFO] db - [
  'Executing (default): SELECT `id` AS `menuId`, `menu_name` AS `menuName`, `parent_id` AS `parentId`, `path`, `component`, `perms`, `type`, `order_num` AS `orderNum`, `icon`, `create_time` AS `createTime`, `update_time` AS `updateTime` FROM `system_menus` AS `system_menu` WHERE (`system_menu`.`delete_time` IS NULL);',
  {
    plain: false,
    raw: true,
    logging: [Function: logging],
    showWarnings: false,
    hooks: true,
    rejectOnEmpty: false,
    attributes: [
      [Array],     [Array],
      [Array],     'path',
      'component', 'perms',
      'type',      [Array],
      'icon',      [Array],
      [Array]
    ],
    originalAttributes: [
      'menuId',     'menuName',
      'parentId',   'path',
      'component',  'perms',
      'type',       'orderNum',
      'icon',       'createTime',
      'updateTime'
    ],
    where: '(`system_menu`.`delete_time` IS NULL)',
    tableNames: [ 'system_menus' ],
    type: 'SELECT',
    model: system_menu
  }
]
[2022-10-24T15:02:53.754] [INFO] db - [
  'Executing (default): SELECT `id` AS `menuId`, `menu_name` AS `menuName`, `parent_id` AS `parentId`, `path`, `component`, `perms`, `type`, `order_num` AS `orderNum`, `icon`, `create_time` AS `createTime`, `update_time` AS `updateTime` FROM `system_menus` AS `system_menu` WHERE (`system_menu`.`delete_time` IS NULL);',
  {
    plain: false,
    raw: true,
    logging: [Function: logging],
    showWarnings: false,
    hooks: true,
    rejectOnEmpty: false,
    attributes: [
      [Array],     [Array],
      [Array],     'path',
      'component', 'perms',
      'type',      [Array],
      'icon',      [Array],
      [Array]
    ],
    originalAttributes: [
      'menuId',     'menuName',
      'parentId',   'path',
      'component',  'perms',
      'type',       'orderNum',
      'icon',       'createTime',
      'updateTime'
    ],
    where: '(`system_menu`.`delete_time` IS NULL)',
    tableNames: [ 'system_menus' ],
    type: 'SELECT',
    model: system_menu
  }
]
[2022-10-24T15:02:57.511] [INFO] db - [
  'Executing (default): SELECT `id` AS `menuId`, `menu_name` AS `menuName`, `parent_id` AS `parentId`, `path`, `component`, `perms`, `type`, `order_num` AS `orderNum`, `icon`, `create_time` AS `createTime`, `update_time` AS `updateTime` FROM `system_menus` AS `system_menu` WHERE (`system_menu`.`delete_time` IS NULL);',
  {
    plain: false,
    raw: true,
    logging: [Function: logging],
    showWarnings: false,
    hooks: true,
    rejectOnEmpty: false,
    attributes: [
      [Array],     [Array],
      [Array],     'path',
      'component', 'perms',
      'type',      [Array],
      'icon',      [Array],
      [Array]
    ],
    originalAttributes: [
      'menuId',     'menuName',
      'parentId',   'path',
      'component',  'perms',
      'type',       'orderNum',
      'icon',       'createTime',
      'updateTime'
    ],
    where: '(`system_menu`.`delete_time` IS NULL)',
    tableNames: [ 'system_menus' ],
    type: 'SELECT',
    model: system_menu
  }
]
[2022-10-24T15:03:01.020] [INFO] db - [
  'Executing (default): SELECT `id` AS `deptId`, `dept_name` AS `deptName`, `parent_id` AS `parentId`, `order_num` AS `orderNum`, `create_time` AS `createTime`, `update_time` AS `updateTime` FROM `system_depts` AS `system_dept` WHERE (`system_dept`.`delete_time` IS NULL);',
  {
    plain: false,
    raw: true,
    logging: [Function: logging],
    showWarnings: false,
    hooks: true,
    rejectOnEmpty: false,
    attributes: [ [Array], [Array], [Array], [Array], [Array], [Array] ],
    originalAttributes: [
      'deptId',
      'deptName',
      'parentId',
      'orderNum',
      'createTime',
      'updateTime'
    ],
    where: '(`system_dept`.`delete_time` IS NULL)',
    tableNames: [ 'system_depts' ],
    type: 'SELECT',
    model: system_dept
  }
]
[2022-10-24T15:03:01.026] [INFO] db - [
  'Executing (default): SELECT `id` AS `roleId`, `role_name` AS `roleName`, `remark`, `menu_ids` AS `menuIds`, `create_time` AS `createTime`, `update_time` AS `updateTime` FROM `system_roles` AS `system_role` WHERE (`system_role`.`delete_time` IS NULL);',
  {
    plain: false,
    raw: true,
    logging: [Function: logging],
    showWarnings: false,
    hooks: true,
    rejectOnEmpty: false,
    attributes: [ [Array], [Array], 'remark', [Array], [Array], [Array] ],
    originalAttributes: [
      'roleId',
      'roleName',
      'remark',
      'menuIds',
      'createTime',
      'updateTime'
    ],
    where: '(`system_role`.`delete_time` IS NULL)',
    tableNames: [ 'system_roles' ],
    type: 'SELECT',
    model: system_role
  }
]
[2022-10-24T15:03:01.028] [INFO] db - [
  'Executing (default): SELECT count(`system_user`.`id`) AS `count` FROM `system_users` AS `system_user` LEFT OUTER JOIN ( `system_user_roles` AS `system_roles->system_user_role` INNER JOIN `system_roles` AS `system_roles` ON `system_roles`.`id` = `system_roles->system_user_role`.`user_id` AND (`system_roles->system_user_role`.`delete_time` IS NULL)) ON `system_user`.`id` = `system_roles->system_user_role`.`role_id ` AND (`system_roles`.`delete_time` IS NULL) WHERE (`system_user`.`delete_time` IS NULL);',
  {
    plain: true,
    raw: true,
    logging: [Function: logging],
    showWarnings: false,
    include: [ [Object] ],
    limit: null,
    offset: null,
    attributes: [ [Array] ],
    hooks: true,
    dataType: INTEGER {
      options: {},
      _length: undefined,
      _zerofill: undefined,
      _decimals: undefined,
      _precision: undefined,
      _scale: undefined,
      _unsigned: undefined
    },
    includeIgnoreAttributes: false,
    order: null,
    model: system_user,
    includeNames: [ 'system_roles' ],
    includeMap: { system_roles: [Object] },
    hasSingleAssociation: true,
    hasMultiAssociation: true,
    topModel: system_user,
    topLimit: null,
    hasDuplicating: true,
    hasRequired: false,
    hasWhere: false,
    hasIncludeWhere: false,
    hasIncludeRequired: false,
    subQuery: false,
    where: '(`system_user`.`delete_time` IS NULL)',
    type: 'SELECT',
    keysEscaped: true
  }
]
[2022-10-24T15:03:01.034] [INFO] db - [
  'Executing (default): SELECT `system_user`.*, `system_roles`.`id` AS `system_roles.roleId`, `system_roles`.`role_name` AS `system_roles.roleName`, `system_roles`.`remark` AS `system_roles.remark`, `system_roles`.`menu_ids` AS `system_roles.menuIds`, `system_roles`.`create_time` AS `system_roles.createTime`, `system_roles`.`update_time` AS `system_roles.updateTime`, `system_roles`.`create_time` AS `system_roles.create_time`, `system_roles`.`update_time` AS `system_roles.update_time`, `system_roles`.`delete_time` AS `system_roles.delete_time`, `system_roles->system_user_role`.`user_id` AS `system_roles.system_user_role.userId`, `system_roles->system_user_role`.`role_id` AS `system_roles.system_user_role.roleId`, `system_roles->system_user_role`.`create_time` AS `system_roles.system_user_role.createTime`, `system_roles->system_user_role`.`update_time` AS `system_roles.system_user_role.updateTime`, `system_roles->system_user_role`.`create_time` AS `system_roles.system_user_role.create_time`, `system_roles->system_user_role`.`update_time` AS `system_roles.system_user_role.update_time`, `system_roles->system_user_role`.`delete_time` AS `system_roles.system_user_role.delete_time` FROM (SELECT `system_user`.`id` AS `userId`, `system_user`.`user_name` AS `userName`, `system_user`.`real_name` AS `realName`, `system_user`.`gender`, `system_user`.`avatar`, `system_user`.`mobile`, `system_user`.`email`, `system_user`.`dept_id` AS `deptId`, `system_user`.`org_id` AS `orgId`, `system_user`.`status`, `system_user`.`description`, `system_user`.`last_login_time` AS `lastLoginTime`, `system_user`.`create_time` AS `createTime`, `system_user`.`update_time` AS `updateTime` FROM `system_users` AS `system_user` WHERE (`system_user`.`delete_time` IS NULL) LIMIT 0, 10) AS `system_user` LEFT OUTER JOIN ( `system_user_roles` AS `system_roles->system_user_role` INNER JOIN `system_roles` AS `system_roles` ON `system_roles`.`id` = `system_roles->system_user_role`.`user_id` AND (`system_roles->system_user_role`.`delete_time` IS NULL)) ON `system_user`.`userId` = `system_roles->system_user_role`.`role_id ` AND (`system_roles`.`delete_time` IS NULL);',
  {
    plain: false,
    raw: true,
    logging: [Function: logging],
    showWarnings: false,
    include: [ [Object] ],
    limit: 10,
    offset: 0,
    attributes: [
      [Array],       [Array],
      [Array],       'gender',
      'avatar',      'mobile',
      'email',       [Array],
      [Array],       'status',
      'description', [Array],
      [Array],       [Array]
    ],
    hooks: true,
    rejectOnEmpty: false,
    originalAttributes: [
      'userId',      'userName',
      'realName',    'gender',
      'avatar',      'mobile',
      'email',       'deptId',
      'orgId',       'status',
      'description', 'lastLoginTime',
      'createTime',  'updateTime'
    ],
    hasJoin: true,
    model: system_user,
    includeNames: [ 'system_roles' ],
    includeMap: { system_roles: [Object] },
    hasSingleAssociation: true,
    hasMultiAssociation: true,
    topModel: system_user,
    topLimit: 10,
    hasDuplicating: true,
    hasRequired: false,
    hasWhere: false,
    subQuery: true,
    hasIncludeWhere: false,
    hasIncludeRequired: false,
    where: '(`system_user`.`delete_time` IS NULL)',
    tableNames: [
      'system_users',
      'system_roles',
      'undefined',
      'system_user_roles'
    ],
    type: 'SELECT',
    keysEscaped: true
  }
]
[2022-10-24T15:03:02.707] [INFO] db - [
  'Executing (default): SELECT `id` AS `menuId`, `menu_name` AS `menuName`, `parent_id` AS `parentId`, `path`, `component`, `perms`, `type`, `order_num` AS `orderNum`, `icon`, `create_time` AS `createTime`, `update_time` AS `updateTime` FROM `system_menus` AS `system_menu` WHERE (`system_menu`.`delete_time` IS NULL);',
  {
    plain: false,
    raw: true,
    logging: [Function: logging],
    showWarnings: false,
    hooks: true,
    rejectOnEmpty: false,
    attributes: [
      [Array],     [Array],
      [Array],     'path',
      'component', 'perms',
      'type',      [Array],
      'icon',      [Array],
      [Array]
    ],
    originalAttributes: [
      'menuId',     'menuName',
      'parentId',   'path',
      'component',  'perms',
      'type',       'orderNum',
      'icon',       'createTime',
      'updateTime'
    ],
    where: '(`system_menu`.`delete_time` IS NULL)',
    tableNames: [ 'system_menus' ],
    type: 'SELECT',
    model: system_menu
  }
]
[2022-10-24T15:03:37.420] [INFO] db - [
  'Executing (default): SELECT `id` AS `menuId`, `menu_name` AS `menuName`, `parent_id` AS `parentId`, `path`, `component`, `perms`, `type`, `order_num` AS `orderNum`, `icon`, `create_time` AS `createTime`, `update_time` AS `updateTime` FROM `system_menus` AS `system_menu` WHERE (`system_menu`.`delete_time` IS NULL);',
  {
    plain: false,
    raw: true,
    logging: [Function: logging],
    showWarnings: false,
    hooks: true,
    rejectOnEmpty: false,
    attributes: [
      [Array],     [Array],
      [Array],     'path',
      'component', 'perms',
      'type',      [Array],
      'icon',      [Array],
      [Array]
    ],
    originalAttributes: [
      'menuId',     'menuName',
      'parentId',   'path',
      'component',  'perms',
      'type',       'orderNum',
      'icon',       'createTime',
      'updateTime'
    ],
    where: '(`system_menu`.`delete_time` IS NULL)',
    tableNames: [ 'system_menus' ],
    type: 'SELECT',
    model: system_menu
  }
]
[2022-10-24T15:05:06.052] [INFO] db - [
  'Executing (default): SELECT `id` AS `menuId`, `menu_name` AS `menuName`, `parent_id` AS `parentId`, `path`, `component`, `perms`, `type`, `order_num` AS `orderNum`, `icon`, `create_time` AS `createTime`, `update_time` AS `updateTime` FROM `system_menus` AS `system_menu` WHERE (`system_menu`.`delete_time` IS NULL);',
  {
    plain: false,
    raw: true,
    logging: [Function: logging],
    showWarnings: false,
    hooks: true,
    rejectOnEmpty: false,
    attributes: [
      [Array],     [Array],
      [Array],     'path',
      'component', 'perms',
      'type',      [Array],
      'icon',      [Array],
      [Array]
    ],
    originalAttributes: [
      'menuId',     'menuName',
      'parentId',   'path',
      'component',  'perms',
      'type',       'orderNum',
      'icon',       'createTime',
      'updateTime'
    ],
    where: '(`system_menu`.`delete_time` IS NULL)',
    tableNames: [ 'system_menus' ],
    type: 'SELECT',
    model: system_menu
  }
]
