[2022-09-11T15:58:33.717] [INFO] access - path:/user/verify | method:POST | ua:apifox/1.0.0 (https://www.apifox.cn)
[2022-09-11T15:59:01.919] [INFO] access - path:/user/login | method:POST | ua:apifox/1.0.0 (https://www.apifox.cn)
[2022-09-11T16:22:32.186] [INFO] access - path:/user/list | method:GET | ua:Mozilla/5.0 (Windows NT 10.0; Win64; x64) AppleWebKit/537.36 (KHTML, like Gecko) Chrome/105.0.0.0 Safari/537.36
[2022-09-11T16:22:32.431] [INFO] access - path:/favicon.ico | method:GET | ua:Mozilla/5.0 (Windows NT 10.0; Win64; x64) AppleWebKit/537.36 (KHTML, like Gecko) Chrome/105.0.0.0 Safari/537.36
[2022-09-11T16:23:01.128] [INFO] access - path:/user/verify | method:POST | ua:apifox/1.0.0 (https://www.apifox.cn)
[2022-09-11T16:23:03.295] [INFO] access - path:/user/verify | method:POST | ua:apifox/1.0.0 (https://www.apifox.cn)
[2022-09-11T16:24:38.116] [INFO] access - path:/user/verify | method:POST | ua:apifox/1.0.0 (https://www.apifox.cn)
[2022-09-11T16:25:06.974] [INFO] access - path:/user/list | method:GET | ua:apifox/1.0.0 (https://www.apifox.cn)
[2022-09-11T16:29:47.530] [INFO] access - path:/user/list | method:GET | ua:apifox/1.0.0 (https://www.apifox.cn)
[2022-09-11T16:30:22.036] [INFO] access - path:/user/list | method:GET | ua:apifox/1.0.0 (https://www.apifox.cn)
[2022-09-11T16:38:25.743] [INFO] access - path:/user/list | method:GET | ua:apifox/1.0.0 (https://www.apifox.cn)
[2022-09-11T16:39:06.804] [INFO] access - path:/user/list | method:GET | ua:apifox/1.0.0 (https://www.apifox.cn)
[2022-09-11T16:39:39.123] [INFO] access - path:/user/list | method:GET | ua:apifox/1.0.0 (https://www.apifox.cn)
[2022-09-11T16:40:38.175] [INFO] access - path:/user/list | method:GET | ua:apifox/1.0.0 (https://www.apifox.cn)
[2022-09-11T16:41:17.223] [INFO] access - path:/user/list | method:GET | ua:apifox/1.0.0 (https://www.apifox.cn)
[2022-09-11T16:41:25.955] [INFO] access - path:/user/list | method:GET | ua:apifox/1.0.0 (https://www.apifox.cn)
[2022-09-11T16:41:41.156] [INFO] access - path:/user/list | method:GET | ua:apifox/1.0.0 (https://www.apifox.cn)
[2022-09-11T16:47:27.411] [INFO] access - path:/user/list | method:GET | ua:apifox/1.0.0 (https://www.apifox.cn)
[2022-09-11T16:47:47.027] [INFO] access - path:/user/list | method:GET | ua:apifox/1.0.0 (https://www.apifox.cn)
[2022-09-11T17:02:10.918] [INFO] access - path:/user/list | method:GET | ua:apifox/1.0.0 (https://www.apifox.cn)
[2022-09-11T17:03:47.002] [INFO] access - path:/user/list | method:GET | ua:apifox/1.0.0 (https://www.apifox.cn)
[2022-09-11T17:04:46.153] [INFO] access - path:/user/list | method:GET | ua:apifox/1.0.0 (https://www.apifox.cn)
[2022-09-11T17:05:12.355] [INFO] access - path:/user/list | method:GET | ua:apifox/1.0.0 (https://www.apifox.cn)
[2022-09-11T17:05:18.445] [INFO] access - path:/user/list | method:GET | ua:apifox/1.0.0 (https://www.apifox.cn)
[2022-09-11T17:05:21.263] [INFO] access - path:/user/list | method:GET | ua:apifox/1.0.0 (https://www.apifox.cn)
[2022-09-11T17:05:27.039] [INFO] access - path:/user/list | method:GET | ua:apifox/1.0.0 (https://www.apifox.cn)
[2022-09-11T17:07:14.762] [INFO] access - path:/user/list?pageNum=1&pageSize=10 | method:GET | ua:apifox/1.0.0 (https://www.apifox.cn)
[2022-09-11T17:07:28.552] [INFO] access - path:/user/verify | method:POST | ua:apifox/1.0.0 (https://www.apifox.cn)
[2022-09-11T17:08:02.703] [INFO] access - path:/user/list?pageNum=1&pageSize=10 | method:GET | ua:apifox/1.0.0 (https://www.apifox.cn)
[2022-09-11T17:15:42.572] [INFO] access - path:/user/list?pageNum=1&pageSize=10 | method:GET | ua:apifox/1.0.0 (https://www.apifox.cn)
[2022-09-11T17:18:06.778] [INFO] access - path:/user/list?pageNum=1&pageSize=10 | method:GET | ua:apifox/1.0.0 (https://www.apifox.cn)
[2022-09-11T17:54:44.498] [INFO] access - path:/user/list?pageNum=1&pageSize=10 | method:GET | ua:apifox/1.0.0 (https://www.apifox.cn)
[2022-09-11T17:55:00.958] [INFO] access - path:/user/list | method:GET | ua:Mozilla/5.0 (Windows NT 10.0; Win64; x64) AppleWebKit/537.36 (KHTML, like Gecko) Chrome/105.0.0.0 Safari/537.36
[2022-09-11T17:55:01.096] [INFO] access - path:/favicon.ico | method:GET | ua:Mozilla/5.0 (Windows NT 10.0; Win64; x64) AppleWebKit/537.36 (KHTML, like Gecko) Chrome/105.0.0.0 Safari/537.36
[2022-09-11T17:55:15.295] [INFO] access - path:/user/list?pageNum=1&pageSize=10 | method:GET | ua:apifox/1.0.0 (https://www.apifox.cn)
[2022-09-11T17:55:27.404] [INFO] access - path:/user/list?pageNum=1&pageSize=1 | method:GET | ua:apifox/1.0.0 (https://www.apifox.cn)
[2022-09-11T17:55:30.397] [INFO] access - path:/user/list?pageNum=1&pageSize=1 | method:GET | ua:apifox/1.0.0 (https://www.apifox.cn)
[2022-09-11T17:55:56.856] [INFO] access - path:/user/list?pageNum=1&pageSize=1 | method:GET | ua:apifox/1.0.0 (https://www.apifox.cn)
[2022-09-11T17:57:01.379] [INFO] access - path:/user/list?pageNum=1&pageSize=1 | method:GET | ua:apifox/1.0.0 (https://www.apifox.cn)
[2022-09-11T17:57:06.196] [INFO] access - path:/user/list?pageNum=1&pageSize=1 | method:GET | ua:apifox/1.0.0 (https://www.apifox.cn)
[2022-09-11T17:58:11.274] [INFO] access - path:/user/list?pageNum=1&pageSize=1 | method:GET | ua:apifox/1.0.0 (https://www.apifox.cn)
[2022-09-11T18:01:09.564] [INFO] access - path:/user/list?pageNum=1&pageSize=1 | method:GET | ua:apifox/1.0.0 (https://www.apifox.cn)
[2022-09-11T18:01:20.998] [INFO] access - path:/user/list?pageNum=1&pageSize=1 | method:GET | ua:apifox/1.0.0 (https://www.apifox.cn)
[2022-09-11T18:01:32.845] [INFO] access - path:/user/list?pageNum=1&pageSize=1 | method:GET | ua:apifox/1.0.0 (https://www.apifox.cn)
[2022-09-11T18:01:55.839] [INFO] access - path:/user/list?pageNum=1&pageSize=10 | method:GET | ua:apifox/1.0.0 (https://www.apifox.cn)
