[2023-02-22T10:28:52.767] [INFO] access - path:/api/log/operation/list?pageSize=10&pageNum=1&total=0&page=1 | method:GET | ua:Mozilla/5.0 (Windows NT 10.0; Win64; x64) AppleWebKit/537.36 (KHTML, like Gecko) Chrome/110.0.0.0 Safari/537.36
[2023-02-22T10:28:56.399] [INFO] access - path:/api/log/operation/list?pageSize=10&pageNum=4&total=35&page=1 | method:GET | ua:Mozilla/5.0 (Windows NT 10.0; Win64; x64) AppleWebKit/537.36 (KHTML, like Gecko) Chrome/110.0.0.0 Safari/537.36
[2023-02-22T10:49:56.103] [INFO] access - path:/api/system/menu/create | method:POST | ua:apifox/1.0.0 (https://www.apifox.cn)
[2023-02-22T10:51:03.533] [INFO] access - path:/api/basic/enumType/create | method:POST | ua:apifox/1.0.0 (https://www.apifox.cn)
[2023-02-22T10:51:48.737] [INFO] access - path:/api/basic/enumType/create | method:POST | ua:apifox/1.0.0 (https://www.apifox.cn)
[2023-02-22T10:52:04.158] [INFO] access - path:/api/log/operation/list?pageSize=10&pageNum=4&total=35&page=1 | method:GET | ua:Mozilla/5.0 (Windows NT 10.0; Win64; x64) AppleWebKit/537.36 (KHTML, like Gecko) Chrome/110.0.0.0 Safari/537.36
[2023-02-22T10:52:05.030] [INFO] access - path:/api/log/operation/list?pageSize=10&pageNum=4&total=36&page=1 | method:GET | ua:Mozilla/5.0 (Windows NT 10.0; Win64; x64) AppleWebKit/537.36 (KHTML, like Gecko) Chrome/110.0.0.0 Safari/537.36
[2023-02-22T10:52:33.424] [INFO] access - path:/api/basic/enumType/create | method:POST | ua:apifox/1.0.0 (https://www.apifox.cn)
[2023-02-22T10:52:43.054] [INFO] access - path:/api/log/operation/list?pageSize=10&pageNum=4&total=36&page=1 | method:GET | ua:Mozilla/5.0 (Windows NT 10.0; Win64; x64) AppleWebKit/537.36 (KHTML, like Gecko) Chrome/110.0.0.0 Safari/537.36
[2023-02-22T10:52:50.410] [INFO] access - path:/api/basic/enumType/create | method:POST | ua:apifox/1.0.0 (https://www.apifox.cn)
[2023-02-22T10:52:52.942] [INFO] access - path:/api/log/operation/list?pageSize=10&pageNum=4&total=37&page=1 | method:GET | ua:Mozilla/5.0 (Windows NT 10.0; Win64; x64) AppleWebKit/537.36 (KHTML, like Gecko) Chrome/110.0.0.0 Safari/537.36
[2023-02-22T10:54:25.274] [INFO] access - path:/api/basic/enumType/create | method:POST | ua:apifox/1.0.0 (https://www.apifox.cn)
[2023-02-22T10:54:29.213] [INFO] access - path:/api/basic/enumType/create | method:POST | ua:apifox/1.0.0 (https://www.apifox.cn)
[2023-02-22T10:55:33.827] [INFO] access - path:/api/basic/enumType/create | method:POST | ua:apifox/1.0.0 (https://www.apifox.cn)
[2023-02-22T10:55:42.576] [INFO] access - path:/api/basic/enumType/create | method:POST | ua:apifox/1.0.0 (https://www.apifox.cn)
[2023-02-22T10:55:48.205] [INFO] access - path:/api/log/operation/list?pageSize=10&pageNum=4&total=37&page=1 | method:GET | ua:Mozilla/5.0 (Windows NT 10.0; Win64; x64) AppleWebKit/537.36 (KHTML, like Gecko) Chrome/110.0.0.0 Safari/537.36
[2023-02-22T11:25:18.347] [INFO] access - path:/api/basic/enumType/update | method:PUT | ua:apifox/1.0.0 (https://www.apifox.cn)
[2023-02-22T11:25:29.182] [INFO] access - path:/api/basic/enumType/update | method:PUT | ua:apifox/1.0.0 (https://www.apifox.cn)
[2023-02-22T11:25:45.137] [INFO] access - path:/api/basic/enumType/update | method:PUT | ua:apifox/1.0.0 (https://www.apifox.cn)
[2023-02-22T11:26:06.303] [INFO] access - path:/api/basic/enumType/update | method:PUT | ua:apifox/1.0.0 (https://www.apifox.cn)
[2023-02-22T11:26:25.119] [INFO] access - path:/api/basic/enumType/update | method:PUT | ua:apifox/1.0.0 (https://www.apifox.cn)
[2023-02-22T11:26:29.981] [INFO] access - path:/api/basic/enumType/create | method:POST | ua:apifox/1.0.0 (https://www.apifox.cn)
[2023-02-22T11:26:35.134] [INFO] access - path:/api/basic/enumType/update | method:PUT | ua:apifox/1.0.0 (https://www.apifox.cn)
[2023-02-22T13:00:57.023] [INFO] access - path:/api/log/operation/list?pageSize=10&pageNum=1&total=0&page=1 | method:GET | ua:Mozilla/5.0 (Windows NT 10.0; Win64; x64) AppleWebKit/537.36 (KHTML, like Gecko) Chrome/110.0.0.0 Safari/537.36
[2023-02-22T13:03:38.424] [INFO] access - path:/api/basic/enumType/update | method:PUT | ua:apifox/1.0.0 (https://www.apifox.cn)
[2023-02-22T13:05:44.834] [INFO] access - path:/api/basic/enumType/update | method:PUT | ua:apifox/1.0.0 (https://www.apifox.cn)
[2023-02-22T13:07:02.377] [INFO] access - path:/api/basic/enumType/update | method:PUT | ua:apifox/1.0.0 (https://www.apifox.cn)
[2023-02-22T13:09:09.944] [INFO] access - path:/api/basic/enumType/update | method:PUT | ua:apifox/1.0.0 (https://www.apifox.cn)
[2023-02-22T13:10:50.923] [INFO] access - path:/api/basic/enumType/update | method:PUT | ua:apifox/1.0.0 (https://www.apifox.cn)
[2023-02-22T13:10:52.534] [INFO] access - path:/api/basic/enumType/update | method:PUT | ua:apifox/1.0.0 (https://www.apifox.cn)
[2023-02-22T13:11:02.367] [INFO] access - path:/api/basic/enumType/update | method:PUT | ua:apifox/1.0.0 (https://www.apifox.cn)
[2023-02-22T13:11:35.295] [INFO] access - path:/api/basic/enumType/update | method:PUT | ua:apifox/1.0.0 (https://www.apifox.cn)
[2023-02-22T13:11:42.682] [INFO] access - path:/api/basic/enumType/update | method:PUT | ua:apifox/1.0.0 (https://www.apifox.cn)
[2023-02-22T13:13:08.429] [INFO] access - path:/api/log/operation/list?pageSize=10&pageNum=1&total=38&page=1 | method:GET | ua:Mozilla/5.0 (Windows NT 10.0; Win64; x64) AppleWebKit/537.36 (KHTML, like Gecko) Chrome/110.0.0.0 Safari/537.36
[2023-02-22T13:13:09.615] [INFO] access - path:/api/log/operation/list?pageSize=10&pageNum=1&total=40&page=1 | method:GET | ua:Mozilla/5.0 (Windows NT 10.0; Win64; x64) AppleWebKit/537.36 (KHTML, like Gecko) Chrome/110.0.0.0 Safari/537.36
[2023-02-22T13:13:13.113] [INFO] access - path:/api/log/operation/list?pageSize=10&pageNum=4&total=40&page=1 | method:GET | ua:Mozilla/5.0 (Windows NT 10.0; Win64; x64) AppleWebKit/537.36 (KHTML, like Gecko) Chrome/110.0.0.0 Safari/537.36
[2023-02-22T13:38:04.681] [INFO] access - path:/api/basic/enumType/list?pageNum=1&pageSize=10&typeName=&typeCode= | method:GET | ua:apifox/1.0.0 (https://www.apifox.cn)
[2023-02-22T13:39:24.244] [INFO] access - path:/api/basic/enumType/list?pageNum=1&pageSize=10&typeName=&typeCode= | method:GET | ua:apifox/1.0.0 (https://www.apifox.cn)
[2023-02-22T13:41:17.075] [INFO] access - path:/api/basic/enumType/list?pageNum=1&pageSize=10&typeName=&typeCode= | method:GET | ua:apifox/1.0.0 (https://www.apifox.cn)
[2023-02-22T13:41:46.477] [INFO] access - path:/api/basic/enumType/list?pageNum=1&pageSize=10&typeName=&typeCode= | method:GET | ua:apifox/1.0.0 (https://www.apifox.cn)
[2023-02-22T13:42:05.122] [INFO] access - path:/api/basic/enumType/list?pageNum=1&pageSize=10&typeName=&typeCode= | method:GET | ua:apifox/1.0.0 (https://www.apifox.cn)
[2023-02-22T13:42:11.098] [INFO] access - path:/api/basic/enumType/list?pageNum=1&pageSize=10&typeName=123&typeCode= | method:GET | ua:apifox/1.0.0 (https://www.apifox.cn)
[2023-02-22T13:42:17.670] [INFO] access - path:/api/basic/enumType/list?pageNum=1&pageSize=10&typeName=123&typeCode= | method:GET | ua:apifox/1.0.0 (https://www.apifox.cn)
[2023-02-22T13:42:25.788] [INFO] access - path:/api/basic/enumType/list?pageNum=1&pageSize=10&typeName=123&typeCode=123 | method:GET | ua:apifox/1.0.0 (https://www.apifox.cn)
[2023-02-22T13:44:07.613] [INFO] access - path:/api/basic/enumType/list?pageNum=1&pageSize=10&typeName=123&typeCode=123 | method:GET | ua:apifox/1.0.0 (https://www.apifox.cn)
[2023-02-22T13:44:39.145] [INFO] access - path:/api/basic/enumType/list?pageNum=1&pageSize=10&typeName=123&typeCode=123 | method:GET | ua:apifox/1.0.0 (https://www.apifox.cn)
[2023-02-22T13:44:43.470] [INFO] access - path:/api/basic/enumType/list?pageNum=1&pageSize=10&typeName=123&typeCode=12321 | method:GET | ua:apifox/1.0.0 (https://www.apifox.cn)
[2023-02-22T13:44:47.252] [INFO] access - path:/api/basic/enumType/list?pageNum=1&pageSize=10&typeName=123&typeCode= | method:GET | ua:apifox/1.0.0 (https://www.apifox.cn)
[2023-02-22T13:44:50.856] [INFO] access - path:/api/basic/enumType/list?pageNum=1&pageSize=10&typeName=&typeCode= | method:GET | ua:apifox/1.0.0 (https://www.apifox.cn)
[2023-02-22T13:44:53.880] [INFO] access - path:/api/basic/enumType/list?pageNum=1&pageSize=10&typeName=&typeCode=1 | method:GET | ua:apifox/1.0.0 (https://www.apifox.cn)
[2023-02-22T13:44:57.352] [INFO] access - path:/api/basic/enumType/list?pageNum=1&pageSize=10&typeName=&typeCode= | method:GET | ua:apifox/1.0.0 (https://www.apifox.cn)
[2023-02-22T13:45:35.518] [INFO] access - path:/api/basic/enumType/list?pageNum=1&pageSize=10&typeName=&typeCode= | method:GET | ua:apifox/1.0.0 (https://www.apifox.cn)
[2023-02-22T13:46:35.213] [INFO] access - path:/api/basic/enumType/list?pageNum=1&pageSize=10&typeName=&typeCode= | method:GET | ua:apifox/1.0.0 (https://www.apifox.cn)
[2023-02-22T13:46:41.348] [INFO] access - path:/api/basic/enumType/list?pageNum=1&pageSize=10&typeName=&typeCode= | method:GET | ua:apifox/1.0.0 (https://www.apifox.cn)
[2023-02-22T13:46:43.665] [INFO] access - path:/api/basic/enumType/list?pageNum=1&pageSize=10&typeName=&typeCode= | method:GET | ua:apifox/1.0.0 (https://www.apifox.cn)
[2023-02-22T13:49:31.095] [INFO] access - path:/api/basic/enumType/list?pageNum=1&pageSize=10&typeName=&typeCode= | method:GET | ua:apifox/1.0.0 (https://www.apifox.cn)
[2023-02-22T13:49:53.703] [INFO] access - path:/api/basic/enumType/list?pageNum=1&pageSize=10&typeName=&typeCode= | method:GET | ua:apifox/1.0.0 (https://www.apifox.cn)
[2023-02-22T13:50:10.512] [INFO] access - path:/api/basic/enumType/list?pageNum=1&pageSize=10&typeName=&typeCode= | method:GET | ua:apifox/1.0.0 (https://www.apifox.cn)
[2023-02-22T13:50:52.258] [INFO] access - path:/api/basic/enumType/all | method:GET | ua:apifox/1.0.0 (https://www.apifox.cn)
[2023-02-22T13:52:33.456] [INFO] access - path:/api/basic/enumType/delete/4 | method:DELETE | ua:apifox/1.0.0 (https://www.apifox.cn)
[2023-02-22T13:52:53.715] [INFO] access - path:/api/basic/enumType/create | method:POST | ua:apifox/1.0.0 (https://www.apifox.cn)
[2023-02-22T13:53:00.263] [INFO] access - path:/api/basic/enumType/delete/4 | method:DELETE | ua:apifox/1.0.0 (https://www.apifox.cn)
[2023-02-22T13:53:10.294] [INFO] access - path:/api/log/operation/list?pageSize=10&pageNum=4&total=40&page=1 | method:GET | ua:Mozilla/5.0 (Windows NT 10.0; Win64; x64) AppleWebKit/537.36 (KHTML, like Gecko) Chrome/110.0.0.0 Safari/537.36
[2023-02-22T13:53:11.727] [INFO] access - path:/api/log/operation/list?pageSize=10&pageNum=5&total=43&page=1 | method:GET | ua:Mozilla/5.0 (Windows NT 10.0; Win64; x64) AppleWebKit/537.36 (KHTML, like Gecko) Chrome/110.0.0.0 Safari/537.36
[2023-02-22T14:31:08.611] [INFO] access - path:/api/basic/enumType/create | method:POST | ua:apifox/1.0.0 (https://www.apifox.cn)
[2023-02-22T14:31:30.983] [INFO] access - path:/api/basic/enumType/create | method:POST | ua:apifox/1.0.0 (https://www.apifox.cn)
[2023-02-22T14:32:33.176] [INFO] access - path:/api/basic/enum/create | method:POST | ua:apifox/1.0.0 (https://www.apifox.cn)
[2023-02-22T14:34:16.630] [INFO] access - path:/api/basic/enum/create | method:POST | ua:apifox/1.0.0 (https://www.apifox.cn)
[2023-02-22T14:40:05.667] [INFO] access - path:/api/basic/enum/create | method:POST | ua:apifox/1.0.0 (https://www.apifox.cn)
[2023-02-22T14:40:29.808] [INFO] access - path:/api/basic/enum/create | method:POST | ua:apifox/1.0.0 (https://www.apifox.cn)
[2023-02-22T14:41:12.363] [INFO] access - path:/api/basic/enum/create | method:POST | ua:apifox/1.0.0 (https://www.apifox.cn)
[2023-02-22T14:48:48.860] [INFO] access - path:/api/basic/enum/create | method:POST | ua:apifox/1.0.0 (https://www.apifox.cn)
[2023-02-22T14:50:08.543] [INFO] access - path:/api/basic/enum/create | method:POST | ua:apifox/1.0.0 (https://www.apifox.cn)
[2023-02-22T14:50:44.871] [INFO] access - path:/api/basic/enum/create | method:POST | ua:apifox/1.0.0 (https://www.apifox.cn)
[2023-02-22T14:52:10.874] [INFO] access - path:/api/basic/enum/create | method:POST | ua:apifox/1.0.0 (https://www.apifox.cn)
[2023-02-22T14:53:06.447] [INFO] access - path:/api/basic/enum/create | method:POST | ua:apifox/1.0.0 (https://www.apifox.cn)
[2023-02-22T14:53:56.215] [INFO] access - path:/api/basic/enum/create | method:POST | ua:apifox/1.0.0 (https://www.apifox.cn)
[2023-02-22T14:57:42.010] [INFO] access - path:/api/basic/enum/create | method:POST | ua:apifox/1.0.0 (https://www.apifox.cn)
[2023-02-22T14:58:35.604] [INFO] access - path:/api/basic/enum/create | method:POST | ua:apifox/1.0.0 (https://www.apifox.cn)
[2023-02-22T15:01:20.784] [INFO] access - path:/api/basic/enum/create | method:POST | ua:apifox/1.0.0 (https://www.apifox.cn)
[2023-02-22T15:05:04.230] [INFO] access - path:/api/basic/enum/create | method:POST | ua:apifox/1.0.0 (https://www.apifox.cn)
[2023-02-22T15:05:41.609] [INFO] access - path:/api/basic/enum/create | method:POST | ua:apifox/1.0.0 (https://www.apifox.cn)
[2023-02-22T15:09:37.990] [INFO] access - path:/api/basic/enum/create | method:POST | ua:apifox/1.0.0 (https://www.apifox.cn)
[2023-02-22T15:14:47.352] [INFO] access - path:/api/basic/enum/create | method:POST | ua:apifox/1.0.0 (https://www.apifox.cn)
[2023-02-22T15:15:58.488] [INFO] access - path:/api/basic/enumType/create | method:POST | ua:apifox/1.0.0 (https://www.apifox.cn)
[2023-02-22T15:18:37.260] [INFO] access - path:/api/basic/enumType/create | method:POST | ua:apifox/1.0.0 (https://www.apifox.cn)
[2023-02-22T15:18:51.499] [INFO] access - path:/api/basic/enumType/create | method:POST | ua:apifox/1.0.0 (https://www.apifox.cn)
[2023-02-22T15:27:05.581] [INFO] access - path:/api/basic/enum/create | method:POST | ua:apifox/1.0.0 (https://www.apifox.cn)
[2023-02-22T15:27:15.320] [INFO] access - path:/api/basic/enum/create | method:POST | ua:apifox/1.0.0 (https://www.apifox.cn)
[2023-02-22T15:28:15.214] [INFO] access - path:/api/basic/enum/create | method:POST | ua:apifox/1.0.0 (https://www.apifox.cn)
[2023-02-22T15:29:55.479] [INFO] access - path:/api/basic/enumType/create | method:POST | ua:apifox/1.0.0 (https://www.apifox.cn)
[2023-02-22T15:29:59.434] [INFO] access - path:/api/basic/enum/create | method:POST | ua:apifox/1.0.0 (https://www.apifox.cn)
[2023-02-22T15:34:22.274] [INFO] access - path:/api/basic/enum/create | method:POST | ua:apifox/1.0.0 (https://www.apifox.cn)
[2023-02-22T15:36:17.006] [INFO] access - path:/api/basic/enum/create | method:POST | ua:apifox/1.0.0 (https://www.apifox.cn)
[2023-02-22T15:36:43.198] [INFO] access - path:/api/basic/enum/create | method:POST | ua:apifox/1.0.0 (https://www.apifox.cn)
[2023-02-22T15:38:49.228] [INFO] access - path:/api/basic/enum/create | method:POST | ua:apifox/1.0.0 (https://www.apifox.cn)
[2023-02-22T15:39:42.707] [INFO] access - path:/api/basic/enum/create | method:POST | ua:apifox/1.0.0 (https://www.apifox.cn)
[2023-02-22T15:40:10.688] [INFO] access - path:/api/basic/enum/create | method:POST | ua:apifox/1.0.0 (https://www.apifox.cn)
[2023-02-22T15:43:44.778] [INFO] access - path:/api/basic/enum/create | method:POST | ua:apifox/1.0.0 (https://www.apifox.cn)
[2023-02-22T15:44:00.975] [INFO] access - path:/api/basic/enum/create | method:POST | ua:apifox/1.0.0 (https://www.apifox.cn)
[2023-02-22T15:44:12.096] [INFO] access - path:/api/basic/enumType/create | method:POST | ua:apifox/1.0.0 (https://www.apifox.cn)
[2023-02-22T15:44:15.291] [INFO] access - path:/api/basic/enum/create | method:POST | ua:apifox/1.0.0 (https://www.apifox.cn)
[2023-02-22T15:44:41.426] [INFO] access - path:/api/basic/enum/create | method:POST | ua:apifox/1.0.0 (https://www.apifox.cn)
[2023-02-22T15:46:16.619] [INFO] access - path:/api/system/role/list?pageSize=10&pageNum=1&total=0&page=1 | method:GET | ua:Mozilla/5.0 (Windows NT 10.0; Win64; x64) AppleWebKit/537.36 (KHTML, like Gecko) Chrome/110.0.0.0 Safari/537.36
[2023-02-22T15:46:16.623] [INFO] access - path:/api/system/menu/tree | method:GET | ua:Mozilla/5.0 (Windows NT 10.0; Win64; x64) AppleWebKit/537.36 (KHTML, like Gecko) Chrome/110.0.0.0 Safari/537.36
[2023-02-22T15:46:28.958] [INFO] access - path:/api/system/role/create | method:POST | ua:Mozilla/5.0 (Windows NT 10.0; Win64; x64) AppleWebKit/537.36 (KHTML, like Gecko) Chrome/110.0.0.0 Safari/537.36
[2023-02-22T15:46:29.093] [INFO] access - path:/api/system/role/list?pageSize=10&pageNum=1&total=1&page=1 | method:GET | ua:Mozilla/5.0 (Windows NT 10.0; Win64; x64) AppleWebKit/537.36 (KHTML, like Gecko) Chrome/110.0.0.0 Safari/537.36
[2023-02-22T15:46:29.109] [INFO] access - path:/api/system/role/list?pageSize=10&pageNum=1&total=1&page=1 | method:GET | ua:Mozilla/5.0 (Windows NT 10.0; Win64; x64) AppleWebKit/537.36 (KHTML, like Gecko) Chrome/110.0.0.0 Safari/537.36
[2023-02-22T15:51:10.923] [INFO] access - path:/api/basic/enum/create | method:POST | ua:apifox/1.0.0 (https://www.apifox.cn)
[2023-02-22T15:55:21.123] [INFO] access - path:/api/basic/enum/create | method:POST | ua:apifox/1.0.0 (https://www.apifox.cn)
[2023-02-22T15:59:15.335] [INFO] access - path:/api/basic/enumType/create | method:POST | ua:apifox/1.0.0 (https://www.apifox.cn)
[2023-02-22T15:59:20.915] [INFO] access - path:/api/basic/enum/create | method:POST | ua:apifox/1.0.0 (https://www.apifox.cn)
[2023-02-22T15:59:46.676] [INFO] access - path:/api/basic/enum/create | method:POST | ua:apifox/1.0.0 (https://www.apifox.cn)
[2023-02-22T16:33:50.310] [INFO] access - path:/api/system/role/list?pageSize=10&pageNum=1&total=0&page=1 | method:GET | ua:Mozilla/5.0 (Windows NT 10.0; Win64; x64) AppleWebKit/537.36 (KHTML, like Gecko) Chrome/110.0.0.0 Safari/537.36
[2023-02-22T16:33:50.316] [INFO] access - path:/api/system/menu/tree | method:GET | ua:Mozilla/5.0 (Windows NT 10.0; Win64; x64) AppleWebKit/537.36 (KHTML, like Gecko) Chrome/110.0.0.0 Safari/537.36
[2023-02-22T16:36:10.137] [INFO] access - path:/api/basic/enumType/create | method:POST | ua:apifox/1.0.0 (https://www.apifox.cn)
[2023-02-22T16:40:09.633] [INFO] access - path:/api/basic/enum/create | method:POST | ua:apifox/1.0.0 (https://www.apifox.cn)
[2023-02-22T16:41:05.296] [INFO] access - path:/api/basic/enum/create | method:POST | ua:apifox/1.0.0 (https://www.apifox.cn)
[2023-02-22T16:42:06.566] [INFO] access - path:/api/basic/enumType/create | method:POST | ua:apifox/1.0.0 (https://www.apifox.cn)
[2023-02-22T16:42:13.891] [INFO] access - path:/api/basic/enum/create | method:POST | ua:apifox/1.0.0 (https://www.apifox.cn)
[2023-02-22T16:43:40.961] [INFO] access - path:/api/basic/enum/create | method:POST | ua:apifox/1.0.0 (https://www.apifox.cn)
[2023-02-22T16:43:53.954] [INFO] access - path:/api/basic/enumType/create | method:POST | ua:apifox/1.0.0 (https://www.apifox.cn)
[2023-02-22T16:43:59.197] [INFO] access - path:/api/basic/enum/create | method:POST | ua:apifox/1.0.0 (https://www.apifox.cn)
[2023-02-22T16:44:22.090] [INFO] access - path:/api/basic/enum/create | method:POST | ua:apifox/1.0.0 (https://www.apifox.cn)
[2023-02-22T16:47:50.371] [INFO] access - path:/api/basic/enum/create | method:POST | ua:apifox/1.0.0 (https://www.apifox.cn)
[2023-02-22T16:48:30.538] [INFO] access - path:/api/basic/enumType/create | method:POST | ua:apifox/1.0.0 (https://www.apifox.cn)
[2023-02-22T16:48:34.286] [INFO] access - path:/api/basic/enum/create | method:POST | ua:apifox/1.0.0 (https://www.apifox.cn)
[2023-02-22T16:48:58.406] [INFO] access - path:/api/basic/enum/create | method:POST | ua:apifox/1.0.0 (https://www.apifox.cn)
[2023-02-22T16:49:25.069] [INFO] access - path:/api/basic/enumType/create | method:POST | ua:apifox/1.0.0 (https://www.apifox.cn)
[2023-02-22T16:49:44.939] [INFO] access - path:/api/basic/enum/create | method:POST | ua:apifox/1.0.0 (https://www.apifox.cn)
[2023-02-22T16:49:49.286] [INFO] access - path:/api/basic/enum/create | method:POST | ua:apifox/1.0.0 (https://www.apifox.cn)
[2023-02-22T16:50:15.210] [INFO] access - path:/api/basic/enum/create | method:POST | ua:apifox/1.0.0 (https://www.apifox.cn)
[2023-02-22T17:06:31.469] [INFO] access - path:/api/basic/enum/create | method:POST | ua:apifox/1.0.0 (https://www.apifox.cn)
[2023-02-22T17:07:11.191] [INFO] access - path:/api/basic/enum/create | method:POST | ua:apifox/1.0.0 (https://www.apifox.cn)
[2023-02-22T17:08:17.991] [INFO] access - path:/api/basic/enum/create | method:POST | ua:apifox/1.0.0 (https://www.apifox.cn)
[2023-02-22T17:10:35.858] [INFO] access - path:/api/basic/enum/create | method:POST | ua:apifox/1.0.0 (https://www.apifox.cn)
[2023-02-22T17:14:44.013] [INFO] access - path:/api/basic/enum/create | method:POST | ua:apifox/1.0.0 (https://www.apifox.cn)
[2023-02-22T17:16:46.477] [INFO] access - path:/api/basic/enum/create | method:POST | ua:apifox/1.0.0 (https://www.apifox.cn)
[2023-02-22T17:17:39.061] [INFO] access - path:/api/basic/enum/create | method:POST | ua:apifox/1.0.0 (https://www.apifox.cn)
[2023-02-22T17:18:10.185] [INFO] access - path:/api/basic/enum/create | method:POST | ua:apifox/1.0.0 (https://www.apifox.cn)
[2023-02-22T17:18:50.612] [INFO] access - path:/api/basic/enum/create | method:POST | ua:apifox/1.0.0 (https://www.apifox.cn)
[2023-02-22T17:20:33.298] [INFO] access - path:/api/basic/enum/create | method:POST | ua:apifox/1.0.0 (https://www.apifox.cn)
[2023-02-22T17:20:47.975] [INFO] access - path:/api/basic/enum/create | method:POST | ua:apifox/1.0.0 (https://www.apifox.cn)
[2023-02-22T17:21:33.298] [INFO] access - path:/api/basic/enum/create | method:POST | ua:apifox/1.0.0 (https://www.apifox.cn)
[2023-02-22T17:22:35.067] [INFO] access - path:/api/basic/enum/create | method:POST | ua:apifox/1.0.0 (https://www.apifox.cn)
[2023-02-22T17:22:55.895] [INFO] access - path:/api/basic/enum/create | method:POST | ua:apifox/1.0.0 (https://www.apifox.cn)
[2023-02-22T17:23:19.475] [INFO] access - path:/api/basic/enum/create | method:POST | ua:apifox/1.0.0 (https://www.apifox.cn)
[2023-02-22T17:23:31.874] [INFO] access - path:/api/basic/enum/create | method:POST | ua:apifox/1.0.0 (https://www.apifox.cn)
[2023-02-22T17:23:40.806] [INFO] access - path:/api/basic/enum/create | method:POST | ua:apifox/1.0.0 (https://www.apifox.cn)
[2023-02-22T17:23:54.149] [INFO] access - path:/api/basic/enum/create | method:POST | ua:apifox/1.0.0 (https://www.apifox.cn)
[2023-02-22T17:23:58.778] [INFO] access - path:/api/basic/enum/create | method:POST | ua:apifox/1.0.0 (https://www.apifox.cn)
[2023-02-22T17:25:09.151] [INFO] access - path:/api/basic/enum/create | method:POST | ua:apifox/1.0.0 (https://www.apifox.cn)
[2023-02-22T17:25:35.039] [INFO] access - path:/api/basic/enum/create | method:POST | ua:apifox/1.0.0 (https://www.apifox.cn)
